2026/01/28 19:18:44 [notice] 1#1: using the "epoll" event method
2026/01/28 19:18:44 [notice] 1#1: nginx/1.27.5
2026/01/28 19:18:44 [notice] 1#1: built by gcc 14.2.0 (Alpine 14.2.0) 
2026/01/28 19:18:44 [notice] 1#1: OS: Linux 6.18.6-arch1-1
2026/01/28 19:18:44 [notice] 1#1: getrlimit(RLIMIT_NOFILE): 1024:524288
2026/01/28 19:18:44 [notice] 1#1: start worker processes
2026/01/28 19:18:44 [notice] 1#1: start worker process 21
2026/01/28 19:18:44 [notice] 1#1: start worker process 22
2026/01/28 19:18:44 [notice] 1#1: start worker process 23
2026/01/28 19:18:44 [notice] 1#1: start worker process 24
2026/01/28 19:18:44 [notice] 1#1: start worker process 25
2026/01/28 19:18:44 [notice] 1#1: start worker process 26
2026/01/28 19:18:44 [notice] 1#1: start worker process 27
2026/01/28 19:18:44 [notice] 1#1: start worker process 28
2026/01/28 19:18:44 [notice] 1#1: start worker process 29
2026/01/28 19:18:44 [notice] 1#1: start worker process 30
2026/01/28 19:18:44 [notice] 1#1: start worker process 31
2026/01/28 19:18:44 [notice] 1#1: start worker process 32
2026/01/28 19:19:03 [notice] 1#1: signal 3 (SIGQUIT) received, shutting down
2026/01/28 19:19:03 [notice] 21#21: gracefully shutting down
2026/01/28 19:19:03 [notice] 22#22: gracefully shutting down
2026/01/28 19:19:03 [notice] 23#23: gracefully shutting down
2026/01/28 19:19:03 [notice] 24#24: gracefully shutting down
2026/01/28 19:19:03 [notice] 25#25: gracefully shutting down
2026/01/28 19:19:03 [notice] 21#21: exiting
2026/01/28 19:19:03 [notice] 22#22: exiting
2026/01/28 19:19:03 [notice] 23#23: exiting
2026/01/28 19:19:03 [notice] 27#27: gracefully shutting down
2026/01/28 19:19:03 [notice] 26#26: gracefully shutting down
2026/01/28 19:19:03 [notice] 29#29: gracefully shutting down
2026/01/28 19:19:03 [notice] 24#24: exiting
2026/01/28 19:19:03 [notice] 28#28: gracefully shutting down
2026/01/28 19:19:03 [notice] 25#25: exiting
2026/01/28 19:19:03 [notice] 27#27: exiting
2026/01/28 19:19:03 [notice] 26#26: exiting
2026/01/28 19:19:03 [notice] 29#29: exiting
2026/01/28 19:19:03 [notice] 28#28: exiting
2026/01/28 19:19:03 [notice] 26#26: exit
2026/01/28 19:19:03 [notice] 21#21: exit
2026/01/28 19:19:03 [notice] 23#23: exit
2026/01/28 19:19:03 [notice] 22#22: exit
2026/01/28 19:19:03 [notice] 27#27: exit
2026/01/28 19:19:03 [notice] 24#24: exit
2026/01/28 19:19:03 [notice] 25#25: exit
2026/01/28 19:19:03 [notice] 28#28: exit
2026/01/28 19:19:03 [notice] 29#29: exit
2026/01/28 19:19:03 [notice] 31#31: gracefully shutting down
2026/01/28 19:19:03 [notice] 30#30: gracefully shutting down
2026/01/28 19:19:03 [notice] 32#32: gracefully shutting down
2026/01/28 19:19:03 [notice] 31#31: exiting
2026/01/28 19:19:03 [notice] 30#30: exiting
2026/01/28 19:19:03 [notice] 32#32: exiting
2026/01/28 19:19:03 [notice] 32#32: exit
2026/01/28 19:19:03 [notice] 31#31: exit
2026/01/28 19:19:03 [notice] 30#30: exit
2026/01/28 19:19:03 [notice] 1#1: signal 17 (SIGCHLD) received from 24
2026/01/28 19:19:03 [notice] 1#1: worker process 23 exited with code 0
2026/01/28 19:19:03 [notice] 1#1: worker process 24 exited with code 0
2026/01/28 19:19:03 [notice] 1#1: signal 29 (SIGIO) received
2026/01/28 19:19:03 [notice] 1#1: signal 17 (SIGCHLD) received from 22
2026/01/28 19:19:03 [notice] 1#1: worker process 22 exited with code 0
2026/01/28 19:19:03 [notice] 1#1: signal 29 (SIGIO) received
2026/01/28 19:19:03 [notice] 1#1: signal 17 (SIGCHLD) received from 29
2026/01/28 19:19:03 [notice] 1#1: worker process 29 exited with code 0
2026/01/28 19:19:03 [notice] 1#1: worker process 30 exited with code 0
2026/01/28 19:19:03 [notice] 1#1: signal 29 (SIGIO) received
2026/01/28 19:19:03 [notice] 1#1: signal 17 (SIGCHLD) received from 27
2026/01/28 19:19:03 [notice] 1#1: worker process 25 exited with code 0
2026/01/28 19:19:03 [notice] 1#1: worker process 21 exited with code 0
2026/01/28 19:19:03 [notice] 1#1: worker process 26 exited with code 0
2026/01/28 19:19:03 [notice] 1#1: worker process 27 exited with code 0
2026/01/28 19:19:03 [notice] 1#1: signal 29 (SIGIO) received
2026/01/28 19:19:03 [notice] 1#1: signal 17 (SIGCHLD) received from 21
2026/01/28 19:19:03 [notice] 1#1: signal 17 (SIGCHLD) received from 28
2026/01/28 19:19:03 [notice] 1#1: worker process 28 exited with code 0
2026/01/28 19:19:03 [notice] 1#1: signal 29 (SIGIO) received
2026/01/28 19:19:03 [notice] 1#1: signal 17 (SIGCHLD) received from 32
2026/01/28 19:19:03 [notice] 1#1: worker process 32 exited with code 0
2026/01/28 19:19:03 [notice] 1#1: signal 29 (SIGIO) received
2026/01/28 19:19:03 [notice] 1#1: signal 17 (SIGCHLD) received from 31
2026/01/28 19:19:03 [notice] 1#1: worker process 31 exited with code 0
2026/01/28 19:19:03 [notice] 1#1: exit
2026/01/28 19:19:08 [notice] 1#1: using the "epoll" event method
2026/01/28 19:19:08 [notice] 1#1: nginx/1.27.5
2026/01/28 19:19:08 [notice] 1#1: built by gcc 14.2.0 (Alpine 14.2.0) 
2026/01/28 19:19:08 [notice] 1#1: OS: Linux 6.18.6-arch1-1
2026/01/28 19:19:08 [notice] 1#1: getrlimit(RLIMIT_NOFILE): 1024:524288
2026/01/28 19:19:08 [notice] 1#1: start worker processes
2026/01/28 19:19:08 [notice] 1#1: start worker process 21
2026/01/28 19:19:08 [notice] 1#1: start worker process 22
2026/01/28 19:19:08 [notice] 1#1: start worker process 23
2026/01/28 19:19:08 [notice] 1#1: start worker process 24
2026/01/28 19:19:08 [notice] 1#1: start worker process 25
2026/01/28 19:19:08 [notice] 1#1: start worker process 26
2026/01/28 19:19:08 [notice] 1#1: start worker process 27
2026/01/28 19:19:08 [notice] 1#1: start worker process 28
2026/01/28 19:19:08 [notice] 1#1: start worker process 29
2026/01/28 19:19:08 [notice] 1#1: start worker process 30
2026/01/28 19:19:08 [notice] 1#1: start worker process 31
2026/01/28 19:19:08 [notice] 1#1: start worker process 32
2026/01/28 19:29:56 [notice] 1#1: signal 3 (SIGQUIT) received, shutting down
2026/01/28 19:29:56 [notice] 21#21: gracefully shutting down
2026/01/28 19:29:56 [notice] 22#22: gracefully shutting down
2026/01/28 19:29:56 [notice] 23#23: gracefully shutting down
2026/01/28 19:29:56 [notice] 24#24: gracefully shutting down
2026/01/28 19:29:56 [notice] 25#25: gracefully shutting down
2026/01/28 19:29:56 [notice] 26#26: gracefully shutting down
2026/01/28 19:29:56 [notice] 27#27: gracefully shutting down
2026/01/28 19:29:56 [notice] 28#28: gracefully shutting down
2026/01/28 19:29:56 [notice] 21#21: exiting
2026/01/28 19:29:56 [notice] 22#22: exiting
2026/01/28 19:29:56 [notice] 30#30: gracefully shutting down
2026/01/28 19:29:56 [notice] 23#23: exiting
2026/01/28 19:29:56 [notice] 29#29: gracefully shutting down
2026/01/28 19:29:56 [notice] 24#24: exiting
2026/01/28 19:29:56 [notice] 25#25: exiting
2026/01/28 19:29:56 [notice] 26#26: exiting
2026/01/28 19:29:56 [notice] 27#27: exiting
2026/01/28 19:29:56 [notice] 28#28: exiting
2026/01/28 19:29:56 [notice] 30#30: exiting
2026/01/28 19:29:56 [notice] 29#29: exiting
2026/01/28 19:29:56 [notice] 26#26: exit
2026/01/28 19:29:56 [notice] 22#22: exit
2026/01/28 19:29:56 [notice] 27#27: exit
2026/01/28 19:29:56 [notice] 21#21: exit
2026/01/28 19:29:56 [notice] 24#24: exit
2026/01/28 19:29:56 [notice] 28#28: exit
2026/01/28 19:29:56 [notice] 23#23: exit
2026/01/28 19:29:56 [notice] 25#25: exit
2026/01/28 19:29:56 [notice] 29#29: exit
2026/01/28 19:29:56 [notice] 30#30: exit
2026/01/28 19:29:56 [notice] 31#31: gracefully shutting down
2026/01/28 19:29:56 [notice] 32#32: gracefully shutting down
2026/01/28 19:29:56 [notice] 31#31: exiting
2026/01/28 19:29:56 [notice] 32#32: exiting
2026/01/28 19:29:56 [notice] 31#31: exit
2026/01/28 19:29:56 [notice] 32#32: exit
2026/01/28 19:29:56 [notice] 1#1: signal 17 (SIGCHLD) received from 25
2026/01/28 19:29:56 [notice] 1#1: worker process 23 exited with code 0
2026/01/28 19:29:56 [notice] 1#1: worker process 25 exited with code 0
2026/01/28 19:29:56 [notice] 1#1: worker process 28 exited with code 0
2026/01/28 19:29:56 [notice] 1#1: worker process 32 exited with code 0
2026/01/28 19:29:56 [notice] 1#1: signal 29 (SIGIO) received
2026/01/28 19:29:56 [notice] 1#1: signal 17 (SIGCHLD) received from 32
2026/01/28 19:29:56 [notice] 1#1: signal 17 (SIGCHLD) received from 21
2026/01/28 19:29:56 [notice] 1#1: worker process 21 exited with code 0
2026/01/28 19:29:56 [notice] 1#1: worker process 30 exited with code 0
2026/01/28 19:29:56 [notice] 1#1: signal 29 (SIGIO) received
2026/01/28 19:29:56 [notice] 1#1: signal 17 (SIGCHLD) received from 30
2026/01/28 19:29:56 [notice] 1#1: signal 17 (SIGCHLD) received from 26
2026/01/28 19:29:56 [notice] 1#1: worker process 26 exited with code 0
2026/01/28 19:29:56 [notice] 1#1: signal 29 (SIGIO) received
2026/01/28 19:29:56 [notice] 1#1: signal 17 (SIGCHLD) received from 24
2026/01/28 19:29:56 [notice] 1#1: worker process 24 exited with code 0
2026/01/28 19:29:56 [notice] 1#1: worker process 29 exited with code 0
2026/01/28 19:29:56 [notice] 1#1: signal 29 (SIGIO) received
2026/01/28 19:29:56 [notice] 1#1: signal 17 (SIGCHLD) received from 31
2026/01/28 19:29:56 [notice] 1#1: worker process 22 exited with code 0
2026/01/28 19:29:56 [notice] 1#1: worker process 31 exited with code 0
2026/01/28 19:29:56 [notice] 1#1: signal 29 (SIGIO) received
2026/01/28 19:29:56 [notice] 1#1: signal 17 (SIGCHLD) received from 22
2026/01/28 19:29:56 [notice] 1#1: signal 17 (SIGCHLD) received from 27
2026/01/28 19:29:56 [notice] 1#1: worker process 27 exited with code 0
2026/01/28 19:29:56 [notice] 1#1: exit
2026/01/28 19:30:30 [notice] 1#1: using the "epoll" event method
2026/01/28 19:30:30 [notice] 1#1: nginx/1.27.5
2026/01/28 19:30:30 [notice] 1#1: built by gcc 14.2.0 (Alpine 14.2.0) 
2026/01/28 19:30:30 [notice] 1#1: OS: Linux 6.18.6-arch1-1
2026/01/28 19:30:30 [notice] 1#1: getrlimit(RLIMIT_NOFILE): 1024:524288
2026/01/28 19:30:30 [notice] 1#1: start worker processes
2026/01/28 19:30:30 [notice] 1#1: start worker process 21
2026/01/28 19:30:30 [notice] 1#1: start worker process 22
2026/01/28 19:30:30 [notice] 1#1: start worker process 23
2026/01/28 19:30:30 [notice] 1#1: start worker process 24
2026/01/28 19:30:30 [notice] 1#1: start worker process 25
2026/01/28 19:30:30 [notice] 1#1: start worker process 26
2026/01/28 19:30:30 [notice] 1#1: start worker process 27
2026/01/28 19:30:30 [notice] 1#1: start worker process 28
2026/01/28 19:30:30 [notice] 1#1: start worker process 29
2026/01/28 19:30:30 [notice] 1#1: start worker process 30
2026/01/28 19:30:30 [notice] 1#1: start worker process 31
2026/01/28 19:30:30 [notice] 1#1: start worker process 32
2026/01/28 19:46:10 [notice] 1#1: signal 3 (SIGQUIT) received, shutting down
2026/01/28 19:46:10 [notice] 21#21: gracefully shutting down
2026/01/28 19:46:10 [notice] 22#22: gracefully shutting down
2026/01/28 19:46:10 [notice] 23#23: gracefully shutting down
2026/01/28 19:46:10 [notice] 24#24: gracefully shutting down
2026/01/28 19:46:10 [notice] 21#21: exiting
2026/01/28 19:46:10 [notice] 26#26: gracefully shutting down
2026/01/28 19:46:10 [notice] 22#22: exiting
2026/01/28 19:46:10 [notice] 23#23: exiting
2026/01/28 19:46:10 [notice] 29#29: gracefully shutting down
2026/01/28 19:46:10 [notice] 24#24: exiting
2026/01/28 19:46:10 [notice] 32#32: gracefully shutting down
2026/01/28 19:46:10 [notice] 25#25: gracefully shutting down
2026/01/28 19:46:10 [notice] 26#26: exiting
2026/01/28 19:46:10 [notice] 29#29: exiting
2026/01/28 19:46:10 [notice] 32#32: exiting
2026/01/28 19:46:10 [notice] 25#25: exiting
2026/01/28 19:46:10 [notice] 21#21: exit
2026/01/28 19:46:10 [notice] 22#22: exit
2026/01/28 19:46:10 [notice] 23#23: exit
2026/01/28 19:46:10 [notice] 26#26: exit
2026/01/28 19:46:10 [notice] 24#24: exit
2026/01/28 19:46:10 [notice] 29#29: exit
2026/01/28 19:46:10 [notice] 25#25: exit
2026/01/28 19:46:10 [notice] 32#32: exit
2026/01/28 19:46:10 [notice] 27#27: gracefully shutting down
2026/01/28 19:46:10 [notice] 27#27: exiting
2026/01/28 19:46:10 [notice] 27#27: exit
2026/01/28 19:46:10 [notice] 28#28: gracefully shutting down
2026/01/28 19:46:10 [notice] 28#28: exiting
2026/01/28 19:46:10 [notice] 28#28: exit
2026/01/28 19:46:10 [notice] 30#30: gracefully shutting down
2026/01/28 19:46:10 [notice] 30#30: exiting
2026/01/28 19:46:10 [notice] 30#30: exit
2026/01/28 19:46:10 [notice] 31#31: gracefully shutting down
2026/01/28 19:46:10 [notice] 31#31: exiting
2026/01/28 19:46:10 [notice] 31#31: exit
2026/01/28 19:46:10 [notice] 1#1: signal 17 (SIGCHLD) received from 21
2026/01/28 19:46:10 [notice] 1#1: worker process 21 exited with code 0
2026/01/28 19:46:10 [notice] 1#1: worker process 24 exited with code 0
2026/01/28 19:46:10 [notice] 1#1: worker process 26 exited with code 0
2026/01/28 19:46:10 [notice] 1#1: worker process 27 exited with code 0
2026/01/28 19:46:10 [notice] 1#1: worker process 29 exited with code 0
2026/01/28 19:46:10 [notice] 1#1: signal 29 (SIGIO) received
2026/01/28 19:46:10 [notice] 1#1: signal 17 (SIGCHLD) received from 27
2026/01/28 19:46:10 [notice] 1#1: worker process 22 exited with code 0
2026/01/28 19:46:10 [notice] 1#1: signal 29 (SIGIO) received
2026/01/28 19:46:10 [notice] 1#1: signal 17 (SIGCHLD) received from 32
2026/01/28 19:46:10 [notice] 1#1: worker process 32 exited with code 0
2026/01/28 19:46:10 [notice] 1#1: signal 29 (SIGIO) received
2026/01/28 19:46:10 [notice] 1#1: signal 17 (SIGCHLD) received from 23
2026/01/28 19:46:10 [notice] 1#1: worker process 23 exited with code 0
2026/01/28 19:46:10 [notice] 1#1: worker process 30 exited with code 0
2026/01/28 19:46:10 [notice] 1#1: worker process 31 exited with code 0
2026/01/28 19:46:10 [notice] 1#1: worker process 28 exited with code 0
2026/01/28 19:46:10 [notice] 1#1: signal 17 (SIGCHLD) received from 30
2026/01/28 19:46:10 [notice] 1#1: worker process 25 exited with code 0
2026/01/28 19:46:10 [notice] 1#1: exit
2026/01/28 19:46:15 [notice] 1#1: using the "epoll" event method
2026/01/28 19:46:15 [notice] 1#1: nginx/1.27.5
2026/01/28 19:46:15 [notice] 1#1: built by gcc 14.2.0 (Alpine 14.2.0) 
2026/01/28 19:46:15 [notice] 1#1: OS: Linux 6.18.6-arch1-1
2026/01/28 19:46:15 [notice] 1#1: getrlimit(RLIMIT_NOFILE): 1024:524288
2026/01/28 19:46:15 [notice] 1#1: start worker processes
2026/01/28 19:46:15 [notice] 1#1: start worker process 21
2026/01/28 19:46:15 [notice] 1#1: start worker process 22
2026/01/28 19:46:15 [notice] 1#1: start worker process 23
2026/01/28 19:46:15 [notice] 1#1: start worker process 24
2026/01/28 19:46:15 [notice] 1#1: start worker process 25
2026/01/28 19:46:15 [notice] 1#1: start worker process 26
2026/01/28 19:46:15 [notice] 1#1: start worker process 27
2026/01/28 19:46:15 [notice] 1#1: start worker process 28
2026/01/28 19:46:15 [notice] 1#1: start worker process 29
2026/01/28 19:46:15 [notice] 1#1: start worker process 30
2026/01/28 19:46:15 [notice] 1#1: start worker process 31
2026/01/28 19:46:15 [notice] 1#1: start worker process 32
2026/01/28 19:50:09 [notice] 1#1: signal 3 (SIGQUIT) received, shutting down
2026/01/28 19:50:09 [notice] 21#21: gracefully shutting down
2026/01/28 19:50:09 [notice] 22#22: gracefully shutting down
2026/01/28 19:50:09 [notice] 23#23: gracefully shutting down
2026/01/28 19:50:09 [notice] 25#25: gracefully shutting down
2026/01/28 19:50:09 [notice] 21#21: exiting
2026/01/28 19:50:09 [notice] 22#22: exiting
2026/01/28 19:50:09 [notice] 24#24: gracefully shutting down
2026/01/28 19:50:09 [notice] 25#25: exiting
2026/01/28 19:50:09 [notice] 24#24: exiting
2026/01/28 19:50:09 [notice] 23#23: exiting
2026/01/28 19:50:09 [notice] 21#21: exit
2026/01/28 19:50:09 [notice] 22#22: exit
2026/01/28 19:50:09 [notice] 25#25: exit
2026/01/28 19:50:09 [notice] 24#24: exit
2026/01/28 19:50:09 [notice] 23#23: exit
2026/01/28 19:50:09 [notice] 26#26: gracefully shutting down
2026/01/28 19:50:09 [notice] 27#27: gracefully shutting down
2026/01/28 19:50:09 [notice] 28#28: gracefully shutting down
2026/01/28 19:50:09 [notice] 29#29: gracefully shutting down
2026/01/28 19:50:09 [notice] 30#30: gracefully shutting down
2026/01/28 19:50:09 [notice] 26#26: exiting
2026/01/28 19:50:09 [notice] 32#32: gracefully shutting down
2026/01/28 19:50:09 [notice] 31#31: gracefully shutting down
2026/01/28 19:50:09 [notice] 27#27: exiting
2026/01/28 19:50:09 [notice] 28#28: exiting
2026/01/28 19:50:09 [notice] 29#29: exiting
2026/01/28 19:50:09 [notice] 30#30: exiting
2026/01/28 19:50:09 [notice] 32#32: exiting
2026/01/28 19:50:09 [notice] 31#31: exiting
2026/01/28 19:50:09 [notice] 26#26: exit
2026/01/28 19:50:09 [notice] 28#28: exit
2026/01/28 19:50:09 [notice] 27#27: exit
2026/01/28 19:50:09 [notice] 32#32: exit
2026/01/28 19:50:09 [notice] 29#29: exit
2026/01/28 19:50:09 [notice] 30#30: exit
2026/01/28 19:50:09 [notice] 31#31: exit
2026/01/28 19:50:09 [notice] 1#1: signal 17 (SIGCHLD) received from 21
2026/01/28 19:50:09 [notice] 1#1: worker process 21 exited with code 0
2026/01/28 19:50:09 [notice] 1#1: signal 29 (SIGIO) received
2026/01/28 19:50:09 [notice] 1#1: signal 17 (SIGCHLD) received from 25
2026/01/28 19:50:09 [notice] 1#1: worker process 25 exited with code 0
2026/01/28 19:50:09 [notice] 1#1: signal 29 (SIGIO) received
2026/01/28 19:50:09 [notice] 1#1: signal 17 (SIGCHLD) received from 23
2026/01/28 19:50:09 [notice] 1#1: worker process 23 exited with code 0
2026/01/28 19:50:09 [notice] 1#1: signal 29 (SIGIO) received
2026/01/28 19:50:09 [notice] 1#1: signal 17 (SIGCHLD) received from 30
2026/01/28 19:50:09 [notice] 1#1: worker process 30 exited with code 0
2026/01/28 19:50:09 [notice] 1#1: signal 29 (SIGIO) received
2026/01/28 19:50:09 [notice] 1#1: signal 17 (SIGCHLD) received from 26
2026/01/28 19:50:09 [notice] 1#1: worker process 26 exited with code 0
2026/01/28 19:50:09 [notice] 1#1: worker process 27 exited with code 0
2026/01/28 19:50:09 [notice] 1#1: signal 29 (SIGIO) received
2026/01/28 19:50:09 [notice] 1#1: signal 17 (SIGCHLD) received from 27
2026/01/28 19:50:09 [notice] 1#1: worker process 22 exited with code 0
2026/01/28 19:50:09 [notice] 1#1: worker process 32 exited with code 0
2026/01/28 19:50:09 [notice] 1#1: signal 29 (SIGIO) received
2026/01/28 19:50:09 [notice] 1#1: signal 17 (SIGCHLD) received from 28
2026/01/28 19:50:09 [notice] 1#1: worker process 24 exited with code 0
2026/01/28 19:50:09 [notice] 1#1: worker process 28 exited with code 0
2026/01/28 19:50:09 [notice] 1#1: worker process 29 exited with code 0
2026/01/28 19:50:09 [notice] 1#1: signal 29 (SIGIO) received
2026/01/28 19:50:09 [notice] 1#1: signal 17 (SIGCHLD) received from 31
2026/01/28 19:50:09 [notice] 1#1: worker process 31 exited with code 0
2026/01/28 19:50:09 [notice] 1#1: exit
2026/01/28 19:50:15 [notice] 1#1: using the "epoll" event method
2026/01/28 19:50:15 [notice] 1#1: nginx/1.27.5
2026/01/28 19:50:15 [notice] 1#1: built by gcc 14.2.0 (Alpine 14.2.0) 
2026/01/28 19:50:15 [notice] 1#1: OS: Linux 6.18.6-arch1-1
2026/01/28 19:50:15 [notice] 1#1: getrlimit(RLIMIT_NOFILE): 1024:524288
2026/01/28 19:50:15 [notice] 1#1: start worker processes
2026/01/28 19:50:15 [notice] 1#1: start worker process 21
2026/01/28 19:50:15 [notice] 1#1: start worker process 22
2026/01/28 19:50:15 [notice] 1#1: start worker process 23
2026/01/28 19:50:15 [notice] 1#1: start worker process 24
2026/01/28 19:50:15 [notice] 1#1: start worker process 25
2026/01/28 19:50:15 [notice] 1#1: start worker process 26
2026/01/28 19:50:15 [notice] 1#1: start worker process 27
2026/01/28 19:50:15 [notice] 1#1: start worker process 28
2026/01/28 19:50:15 [notice] 1#1: start worker process 29
2026/01/28 19:50:15 [notice] 1#1: start worker process 30
2026/01/28 19:50:15 [notice] 1#1: start worker process 31
2026/01/28 19:50:15 [notice] 1#1: start worker process 32
2026/01/28 19:55:25 [notice] 1#1: using the "epoll" event method
2026/01/28 19:55:25 [notice] 1#1: nginx/1.27.5
2026/01/28 19:55:25 [notice] 1#1: built by gcc 14.2.0 (Alpine 14.2.0) 
2026/01/28 19:55:25 [notice] 1#1: OS: Linux 6.18.6-arch1-1
2026/01/28 19:55:25 [notice] 1#1: getrlimit(RLIMIT_NOFILE): 1024:524288
2026/01/28 19:55:25 [notice] 1#1: start worker processes
2026/01/28 19:55:25 [notice] 1#1: start worker process 21
2026/01/28 19:55:25 [notice] 1#1: start worker process 22
2026/01/28 19:55:25 [notice] 1#1: start worker process 23
2026/01/28 19:55:25 [notice] 1#1: start worker process 24
2026/01/28 19:55:25 [notice] 1#1: start worker process 25
2026/01/28 19:55:25 [notice] 1#1: start worker process 26
2026/01/28 19:55:25 [notice] 1#1: start worker process 27
2026/01/28 19:55:25 [notice] 1#1: start worker process 28
2026/01/28 19:55:25 [notice] 1#1: start worker process 29
2026/01/28 19:55:25 [notice] 1#1: start worker process 30
2026/01/28 19:55:25 [notice] 1#1: start worker process 31
2026/01/28 19:55:25 [notice] 1#1: start worker process 32
2026/01/28 19:55:35 [notice] 1#1: using the "epoll" event method
2026/01/28 19:55:35 [notice] 1#1: nginx/1.27.5
2026/01/28 19:55:35 [notice] 1#1: built by gcc 14.2.0 (Alpine 14.2.0) 
2026/01/28 19:55:35 [notice] 1#1: OS: Linux 6.18.6-arch1-1
2026/01/28 19:55:35 [notice] 1#1: getrlimit(RLIMIT_NOFILE): 1024:524288
2026/01/28 19:55:35 [notice] 1#1: start worker processes
2026/01/28 19:55:35 [notice] 1#1: start worker process 21
2026/01/28 19:55:35 [notice] 1#1: start worker process 22
2026/01/28 19:55:35 [notice] 1#1: start worker process 23
2026/01/28 19:55:35 [notice] 1#1: start worker process 24
2026/01/28 19:55:35 [notice] 1#1: start worker process 25
2026/01/28 19:55:35 [notice] 1#1: start worker process 26
2026/01/28 19:55:35 [notice] 1#1: start worker process 27
2026/01/28 19:55:35 [notice] 1#1: start worker process 28
2026/01/28 19:55:35 [notice] 1#1: start worker process 29
2026/01/28 19:55:35 [notice] 1#1: start worker process 30
2026/01/28 19:55:35 [notice] 1#1: start worker process 31
2026/01/28 19:55:35 [notice] 1#1: start worker process 32
2026/01/28 19:58:55 [notice] 1#1: signal 3 (SIGQUIT) received, shutting down
2026/01/28 19:58:55 [notice] 21#21: gracefully shutting down
2026/01/28 19:58:55 [notice] 22#22: gracefully shutting down
2026/01/28 19:58:55 [notice] 23#23: gracefully shutting down
2026/01/28 19:58:55 [notice] 24#24: gracefully shutting down
2026/01/28 19:58:55 [notice] 25#25: gracefully shutting down
2026/01/28 19:58:55 [notice] 21#21: exiting
2026/01/28 19:58:55 [notice] 26#26: gracefully shutting down
2026/01/28 19:58:55 [notice] 23#23: exiting
2026/01/28 19:58:55 [notice] 24#24: exiting
2026/01/28 19:58:55 [notice] 28#28: gracefully shutting down
2026/01/28 19:58:55 [notice] 29#29: gracefully shutting down
2026/01/28 19:58:55 [notice] 30#30: gracefully shutting down
2026/01/28 19:58:55 [notice] 25#25: exiting
2026/01/28 19:58:55 [notice] 28#28: exiting
2026/01/28 19:58:55 [notice] 22#22: exiting
2026/01/28 19:58:55 [notice] 27#27: gracefully shutting down
2026/01/28 19:58:55 [notice] 29#29: exiting
2026/01/28 19:58:55 [notice] 31#31: gracefully shutting down
2026/01/28 19:58:55 [notice] 26#26: exiting
2026/01/28 19:58:55 [notice] 27#27: exiting
2026/01/28 19:58:55 [notice] 30#30: exiting
2026/01/28 19:58:55 [notice] 31#31: exiting
2026/01/28 19:58:55 [notice] 23#23: exit
2026/01/28 19:58:55 [notice] 21#21: exit
2026/01/28 19:58:55 [notice] 22#22: exit
2026/01/28 19:58:55 [notice] 25#25: exit
2026/01/28 19:58:55 [notice] 30#30: exit
2026/01/28 19:58:55 [notice] 27#27: exit
2026/01/28 19:58:55 [notice] 31#31: exit
2026/01/28 19:58:55 [notice] 28#28: exit
2026/01/28 19:58:55 [notice] 29#29: exit
2026/01/28 19:58:55 [notice] 26#26: exit
2026/01/28 19:58:55 [notice] 32#32: gracefully shutting down
2026/01/28 19:58:55 [notice] 32#32: exiting
2026/01/28 19:58:55 [notice] 24#24: exit
2026/01/28 19:58:55 [notice] 32#32: exit
2026/01/28 19:58:55 [notice] 1#1: signal 17 (SIGCHLD) received from 24
2026/01/28 19:58:55 [notice] 1#1: worker process 24 exited with code 0
2026/01/28 19:58:55 [notice] 1#1: signal 29 (SIGIO) received
2026/01/28 19:58:55 [notice] 1#1: signal 17 (SIGCHLD) received from 30
2026/01/28 19:58:55 [notice] 1#1: worker process 30 exited with code 0
2026/01/28 19:58:55 [notice] 1#1: signal 29 (SIGIO) received
2026/01/28 19:58:55 [notice] 1#1: signal 17 (SIGCHLD) received from 31
2026/01/28 19:58:55 [notice] 1#1: worker process 29 exited with code 0
2026/01/28 19:58:55 [notice] 1#1: worker process 27 exited with code 0
2026/01/28 19:58:55 [notice] 1#1: worker process 31 exited with code 0
2026/01/28 19:58:55 [notice] 1#1: signal 29 (SIGIO) received
2026/01/28 19:58:55 [notice] 1#1: signal 17 (SIGCHLD) received from 29
2026/01/28 19:58:55 [notice] 1#1: signal 17 (SIGCHLD) received from 28
2026/01/28 19:58:55 [notice] 1#1: worker process 28 exited with code 0
2026/01/28 19:58:55 [notice] 1#1: signal 29 (SIGIO) received
2026/01/28 19:58:55 [notice] 1#1: signal 17 (SIGCHLD) received from 25
2026/01/28 19:58:55 [notice] 1#1: worker process 23 exited with code 0
2026/01/28 19:58:55 [notice] 1#1: worker process 25 exited with code 0
2026/01/28 19:58:55 [notice] 1#1: signal 29 (SIGIO) received
2026/01/28 19:58:55 [notice] 1#1: signal 17 (SIGCHLD) received from 21
2026/01/28 19:58:55 [notice] 1#1: worker process 21 exited with code 0
2026/01/28 19:58:55 [notice] 1#1: signal 29 (SIGIO) received
2026/01/28 19:58:55 [notice] 1#1: signal 17 (SIGCHLD) received from 32
2026/01/28 19:58:55 [notice] 1#1: worker process 32 exited with code 0
2026/01/28 19:58:55 [notice] 1#1: signal 29 (SIGIO) received
2026/01/28 19:58:55 [notice] 1#1: signal 17 (SIGCHLD) received from 22
2026/01/28 19:58:55 [notice] 1#1: worker process 22 exited with code 0
2026/01/28 19:58:55 [notice] 1#1: signal 29 (SIGIO) received
2026/01/28 19:58:55 [notice] 1#1: signal 17 (SIGCHLD) received from 26
2026/01/28 19:58:55 [notice] 1#1: worker process 26 exited with code 0
2026/01/28 19:58:55 [notice] 1#1: exit
2026/01/28 19:59:18 [notice] 1#1: using the "epoll" event method
2026/01/28 19:59:18 [notice] 1#1: nginx/1.27.5
2026/01/28 19:59:18 [notice] 1#1: built by gcc 14.2.0 (Alpine 14.2.0) 
2026/01/28 19:59:18 [notice] 1#1: OS: Linux 6.18.6-arch1-1
2026/01/28 19:59:18 [notice] 1#1: getrlimit(RLIMIT_NOFILE): 1024:524288
2026/01/28 19:59:18 [notice] 1#1: start worker processes
2026/01/28 19:59:18 [notice] 1#1: start worker process 21
2026/01/28 19:59:18 [notice] 1#1: start worker process 22
2026/01/28 19:59:18 [notice] 1#1: start worker process 23
2026/01/28 19:59:18 [notice] 1#1: start worker process 24
2026/01/28 19:59:18 [notice] 1#1: start worker process 25
2026/01/28 19:59:18 [notice] 1#1: start worker process 26
2026/01/28 19:59:18 [notice] 1#1: start worker process 27
2026/01/28 19:59:18 [notice] 1#1: start worker process 28
2026/01/28 19:59:18 [notice] 1#1: start worker process 29
2026/01/28 19:59:18 [notice] 1#1: start worker process 30
2026/01/28 19:59:18 [notice] 1#1: start worker process 31
2026/01/28 19:59:18 [notice] 1#1: start worker process 32
2026/01/28 20:00:18 [notice] 1#1: signal 3 (SIGQUIT) received, shutting down
2026/01/28 20:00:18 [notice] 21#21: gracefully shutting down
2026/01/28 20:00:18 [notice] 23#23: gracefully shutting down
2026/01/28 20:00:18 [notice] 22#22: gracefully shutting down
2026/01/28 20:00:18 [notice] 23#23: exiting
2026/01/28 20:00:18 [notice] 22#22: exiting
2026/01/28 20:00:18 [notice] 21#21: exiting
2026/01/28 20:00:18 [notice] 23#23: exit
2026/01/28 20:00:18 [notice] 22#22: exit
2026/01/28 20:00:18 [notice] 21#21: exit
2026/01/28 20:00:18 [notice] 25#25: gracefully shutting down
2026/01/28 20:00:18 [notice] 24#24: gracefully shutting down
2026/01/28 20:00:18 [notice] 27#27: gracefully shutting down
2026/01/28 20:00:18 [notice] 26#26: gracefully shutting down
2026/01/28 20:00:18 [notice] 28#28: gracefully shutting down
2026/01/28 20:00:18 [notice] 25#25: exiting
2026/01/28 20:00:18 [notice] 31#31: gracefully shutting down
2026/01/28 20:00:18 [notice] 29#29: gracefully shutting down
2026/01/28 20:00:18 [notice] 30#30: gracefully shutting down
2026/01/28 20:00:18 [notice] 24#24: exiting
2026/01/28 20:00:18 [notice] 32#32: gracefully shutting down
2026/01/28 20:00:18 [notice] 27#27: exiting
2026/01/28 20:00:18 [notice] 26#26: exiting
2026/01/28 20:00:18 [notice] 28#28: exiting
2026/01/28 20:00:18 [notice] 31#31: exiting
2026/01/28 20:00:18 [notice] 29#29: exiting
2026/01/28 20:00:18 [notice] 30#30: exiting
2026/01/28 20:00:18 [notice] 32#32: exiting
2026/01/28 20:00:18 [notice] 25#25: exit
2026/01/28 20:00:18 [notice] 24#24: exit
2026/01/28 20:00:18 [notice] 27#27: exit
2026/01/28 20:00:18 [notice] 31#31: exit
2026/01/28 20:00:18 [notice] 28#28: exit
2026/01/28 20:00:18 [notice] 26#26: exit
2026/01/28 20:00:18 [notice] 32#32: exit
2026/01/28 20:00:18 [notice] 30#30: exit
2026/01/28 20:00:18 [notice] 29#29: exit
2026/01/28 20:00:18 [notice] 1#1: signal 17 (SIGCHLD) received from 29
2026/01/28 20:00:18 [notice] 1#1: worker process 21 exited with code 0
2026/01/28 20:00:18 [notice] 1#1: worker process 29 exited with code 0
2026/01/28 20:00:18 [notice] 1#1: worker process 32 exited with code 0
2026/01/28 20:00:18 [notice] 1#1: signal 29 (SIGIO) received
2026/01/28 20:00:18 [notice] 1#1: signal 17 (SIGCHLD) received from 21
2026/01/28 20:00:18 [notice] 1#1: signal 17 (SIGCHLD) received from 30
2026/01/28 20:00:18 [notice] 1#1: worker process 30 exited with code 0
2026/01/28 20:00:18 [notice] 1#1: signal 29 (SIGIO) received
2026/01/28 20:00:18 [notice] 1#1: signal 17 (SIGCHLD) received from 31
2026/01/28 20:00:18 [notice] 1#1: worker process 22 exited with code 0
2026/01/28 20:00:18 [notice] 1#1: worker process 23 exited with code 0
2026/01/28 20:00:18 [notice] 1#1: worker process 31 exited with code 0
2026/01/28 20:00:18 [notice] 1#1: signal 29 (SIGIO) received
2026/01/28 20:00:18 [notice] 1#1: signal 17 (SIGCHLD) received from 22
2026/01/28 20:00:18 [notice] 1#1: signal 17 (SIGCHLD) received from 28
2026/01/28 20:00:18 [notice] 1#1: worker process 28 exited with code 0
2026/01/28 20:00:18 [notice] 1#1: signal 29 (SIGIO) received
2026/01/28 20:00:18 [notice] 1#1: signal 17 (SIGCHLD) received from 26
2026/01/28 20:00:18 [notice] 1#1: worker process 26 exited with code 0
2026/01/28 20:00:18 [notice] 1#1: signal 29 (SIGIO) received
2026/01/28 20:00:18 [notice] 1#1: signal 17 (SIGCHLD) received from 25
2026/01/28 20:00:18 [notice] 1#1: worker process 25 exited with code 0
2026/01/28 20:00:18 [notice] 1#1: signal 29 (SIGIO) received
2026/01/28 20:00:18 [notice] 1#1: signal 17 (SIGCHLD) received from 24
2026/01/28 20:00:18 [notice] 1#1: worker process 24 exited with code 0
2026/01/28 20:00:18 [notice] 1#1: signal 29 (SIGIO) received
2026/01/28 20:00:18 [notice] 1#1: signal 17 (SIGCHLD) received from 27
2026/01/28 20:00:18 [notice] 1#1: worker process 27 exited with code 0
2026/01/28 20:00:18 [notice] 1#1: exit
2026/01/28 20:00:30 [notice] 1#1: using the "epoll" event method
2026/01/28 20:00:30 [notice] 1#1: nginx/1.27.5
2026/01/28 20:00:30 [notice] 1#1: built by gcc 14.2.0 (Alpine 14.2.0) 
2026/01/28 20:00:30 [notice] 1#1: OS: Linux 6.18.6-arch1-1
2026/01/28 20:00:30 [notice] 1#1: getrlimit(RLIMIT_NOFILE): 1024:524288
2026/01/28 20:00:30 [notice] 1#1: start worker processes
2026/01/28 20:00:30 [notice] 1#1: start worker process 21
2026/01/28 20:00:30 [notice] 1#1: start worker process 22
2026/01/28 20:00:30 [notice] 1#1: start worker process 23
2026/01/28 20:00:30 [notice] 1#1: start worker process 24
2026/01/28 20:00:30 [notice] 1#1: start worker process 25
2026/01/28 20:00:30 [notice] 1#1: start worker process 26
2026/01/28 20:00:30 [notice] 1#1: start worker process 27
2026/01/28 20:00:30 [notice] 1#1: start worker process 28
2026/01/28 20:00:30 [notice] 1#1: start worker process 29
2026/01/28 20:00:30 [notice] 1#1: start worker process 30
2026/01/28 20:00:30 [notice] 1#1: start worker process 31
2026/01/28 20:00:30 [notice] 1#1: start worker process 32
2026/01/28 20:18:21 [notice] 1#1: signal 3 (SIGQUIT) received, shutting down
2026/01/28 20:18:21 [notice] 21#21: gracefully shutting down
2026/01/28 20:18:21 [notice] 22#22: gracefully shutting down
2026/01/28 20:18:21 [notice] 24#24: gracefully shutting down
2026/01/28 20:18:21 [notice] 23#23: gracefully shutting down
2026/01/28 20:18:21 [notice] 25#25: gracefully shutting down
2026/01/28 20:18:21 [notice] 21#21: exiting
2026/01/28 20:18:21 [notice] 27#27: gracefully shutting down
2026/01/28 20:18:21 [notice] 22#22: exiting
2026/01/28 20:18:21 [notice] 24#24: exiting
2026/01/28 20:18:21 [notice] 28#28: gracefully shutting down
2026/01/28 20:18:21 [notice] 29#29: gracefully shutting down
2026/01/28 20:18:21 [notice] 23#23: exiting
2026/01/28 20:18:21 [notice] 26#26: gracefully shutting down
2026/01/28 20:18:21 [notice] 25#25: exiting
2026/01/28 20:18:21 [notice] 27#27: exiting
2026/01/28 20:18:21 [notice] 28#28: exiting
2026/01/28 20:18:21 [notice] 29#29: exiting
2026/01/28 20:18:21 [notice] 26#26: exiting
2026/01/28 20:18:21 [notice] 21#21: exit
2026/01/28 20:18:21 [notice] 22#22: exit
2026/01/28 20:18:21 [notice] 24#24: exit
2026/01/28 20:18:21 [notice] 25#25: exit
2026/01/28 20:18:21 [notice] 27#27: exit
2026/01/28 20:18:21 [notice] 26#26: exit
2026/01/28 20:18:21 [notice] 23#23: exit
2026/01/28 20:18:21 [notice] 29#29: exit
2026/01/28 20:18:21 [notice] 28#28: exit
2026/01/28 20:18:21 [notice] 31#31: gracefully shutting down
2026/01/28 20:18:21 [notice] 31#31: exiting
2026/01/28 20:18:21 [notice] 31#31: exit
2026/01/28 20:18:21 [notice] 30#30: gracefully shutting down
2026/01/28 20:18:21 [notice] 30#30: exiting
2026/01/28 20:18:21 [notice] 30#30: exit
2026/01/28 20:18:21 [notice] 32#32: gracefully shutting down
2026/01/28 20:18:21 [notice] 32#32: exiting
2026/01/28 20:18:21 [notice] 32#32: exit
2026/01/28 20:18:21 [notice] 1#1: signal 17 (SIGCHLD) received from 31
2026/01/28 20:18:21 [notice] 1#1: worker process 30 exited with code 0
2026/01/28 20:18:21 [notice] 1#1: worker process 29 exited with code 0
2026/01/28 20:18:21 [notice] 1#1: worker process 31 exited with code 0
2026/01/28 20:18:21 [notice] 1#1: signal 29 (SIGIO) received
2026/01/28 20:18:21 [notice] 1#1: signal 17 (SIGCHLD) received from 29
2026/01/28 20:18:21 [notice] 1#1: signal 17 (SIGCHLD) received from 32
2026/01/28 20:18:21 [notice] 1#1: worker process 28 exited with code 0
2026/01/28 20:18:21 [notice] 1#1: worker process 32 exited with code 0
2026/01/28 20:18:21 [notice] 1#1: signal 29 (SIGIO) received
2026/01/28 20:18:21 [notice] 1#1: signal 17 (SIGCHLD) received from 26
2026/01/28 20:18:21 [notice] 1#1: worker process 26 exited with code 0
2026/01/28 20:18:21 [notice] 1#1: worker process 27 exited with code 0
2026/01/28 20:18:21 [notice] 1#1: worker process 24 exited with code 0
2026/01/28 20:18:21 [notice] 1#1: signal 29 (SIGIO) received
2026/01/28 20:18:21 [notice] 1#1: signal 17 (SIGCHLD) received from 27
2026/01/28 20:18:21 [notice] 1#1: signal 17 (SIGCHLD) received from 23
2026/01/28 20:18:21 [notice] 1#1: worker process 23 exited with code 0
2026/01/28 20:18:21 [notice] 1#1: signal 29 (SIGIO) received
2026/01/28 20:18:21 [notice] 1#1: signal 17 (SIGCHLD) received from 25
2026/01/28 20:18:21 [notice] 1#1: worker process 22 exited with code 0
2026/01/28 20:18:21 [notice] 1#1: worker process 25 exited with code 0
2026/01/28 20:18:21 [notice] 1#1: signal 29 (SIGIO) received
2026/01/28 20:18:21 [notice] 1#1: signal 17 (SIGCHLD) received from 21
2026/01/28 20:18:21 [notice] 1#1: worker process 21 exited with code 0
2026/01/28 20:18:21 [notice] 1#1: exit
2026/01/28 20:22:39 [notice] 1#1: using the "epoll" event method
2026/01/28 20:22:39 [notice] 1#1: nginx/1.27.5
2026/01/28 20:22:39 [notice] 1#1: built by gcc 14.2.0 (Alpine 14.2.0) 
2026/01/28 20:22:39 [notice] 1#1: OS: Linux 6.18.6-arch1-1
2026/01/28 20:22:39 [notice] 1#1: getrlimit(RLIMIT_NOFILE): 1024:524288
2026/01/28 20:22:39 [notice] 1#1: start worker processes
2026/01/28 20:22:39 [notice] 1#1: start worker process 21
2026/01/28 20:22:39 [notice] 1#1: start worker process 22
2026/01/28 20:22:39 [notice] 1#1: start worker process 23
2026/01/28 20:22:39 [notice] 1#1: start worker process 24
2026/01/28 20:22:39 [notice] 1#1: start worker process 25
2026/01/28 20:22:39 [notice] 1#1: start worker process 26
2026/01/28 20:22:39 [notice] 1#1: start worker process 27
2026/01/28 20:22:39 [notice] 1#1: start worker process 28
2026/01/28 20:22:39 [notice] 1#1: start worker process 29
2026/01/28 20:22:39 [notice] 1#1: start worker process 30
2026/01/28 20:22:39 [notice] 1#1: start worker process 31
2026/01/28 20:22:39 [notice] 1#1: start worker process 32
2026/01/28 20:25:12 [notice] 1#1: signal 3 (SIGQUIT) received, shutting down
2026/01/28 20:25:12 [notice] 21#21: gracefully shutting down
2026/01/28 20:25:12 [notice] 22#22: gracefully shutting down
2026/01/28 20:25:12 [notice] 25#25: gracefully shutting down
2026/01/28 20:25:12 [notice] 24#24: gracefully shutting down
2026/01/28 20:25:12 [notice] 21#21: exiting
2026/01/28 20:25:12 [notice] 22#22: exiting
2026/01/28 20:25:12 [notice] 25#25: exiting
2026/01/28 20:25:12 [notice] 27#27: gracefully shutting down
2026/01/28 20:25:12 [notice] 24#24: exiting
2026/01/28 20:25:12 [notice] 27#27: exiting
2026/01/28 20:25:12 [notice] 23#23: gracefully shutting down
2026/01/28 20:25:12 [notice] 26#26: gracefully shutting down
2026/01/28 20:25:12 [notice] 23#23: exiting
2026/01/28 20:25:12 [notice] 26#26: exiting
2026/01/28 20:25:12 [notice] 22#22: exit
2026/01/28 20:25:12 [notice] 24#24: exit
2026/01/28 20:25:12 [notice] 27#27: exit
2026/01/28 20:25:12 [notice] 21#21: exit
2026/01/28 20:25:12 [notice] 25#25: exit
2026/01/28 20:25:12 [notice] 23#23: exit
2026/01/28 20:25:12 [notice] 26#26: exit
2026/01/28 20:25:12 [notice] 28#28: gracefully shutting down
2026/01/28 20:25:12 [notice] 29#29: gracefully shutting down
2026/01/28 20:25:12 [notice] 30#30: gracefully shutting down
2026/01/28 20:25:12 [notice] 28#28: exiting
2026/01/28 20:25:12 [notice] 32#32: gracefully shutting down
2026/01/28 20:25:12 [notice] 29#29: exiting
2026/01/28 20:25:12 [notice] 30#30: exiting
2026/01/28 20:25:12 [notice] 32#32: exiting
2026/01/28 20:25:12 [notice] 28#28: exit
2026/01/28 20:25:12 [notice] 29#29: exit
2026/01/28 20:25:12 [notice] 32#32: exit
2026/01/28 20:25:12 [notice] 30#30: exit
2026/01/28 20:25:12 [notice] 31#31: gracefully shutting down
2026/01/28 20:25:12 [notice] 31#31: exiting
2026/01/28 20:25:12 [notice] 31#31: exit
2026/01/28 20:25:12 [notice] 1#1: signal 17 (SIGCHLD) received from 32
2026/01/28 20:25:12 [notice] 1#1: worker process 24 exited with code 0
2026/01/28 20:25:12 [notice] 1#1: worker process 27 exited with code 0
2026/01/28 20:25:12 [notice] 1#1: worker process 32 exited with code 0
2026/01/28 20:25:12 [notice] 1#1: signal 29 (SIGIO) received
2026/01/28 20:25:12 [notice] 1#1: signal 17 (SIGCHLD) received from 27
2026/01/28 20:25:12 [notice] 1#1: signal 17 (SIGCHLD) received from 29
2026/01/28 20:25:12 [notice] 1#1: worker process 22 exited with code 0
2026/01/28 20:25:12 [notice] 1#1: worker process 29 exited with code 0
2026/01/28 20:25:12 [notice] 1#1: signal 29 (SIGIO) received
2026/01/28 20:25:12 [notice] 1#1: signal 17 (SIGCHLD) received from 22
2026/01/28 20:25:12 [notice] 1#1: signal 17 (SIGCHLD) received from 23
2026/01/28 20:25:12 [notice] 1#1: worker process 23 exited with code 0
2026/01/28 20:25:12 [notice] 1#1: worker process 30 exited with code 0
2026/01/28 20:25:12 [notice] 1#1: signal 29 (SIGIO) received
2026/01/28 20:25:12 [notice] 1#1: signal 17 (SIGCHLD) received from 30
2026/01/28 20:25:12 [notice] 1#1: signal 17 (SIGCHLD) received from 25
2026/01/28 20:25:12 [notice] 1#1: worker process 25 exited with code 0
2026/01/28 20:25:12 [notice] 1#1: signal 29 (SIGIO) received
2026/01/28 20:25:12 [notice] 1#1: signal 17 (SIGCHLD) received from 21
2026/01/28 20:25:12 [notice] 1#1: worker process 21 exited with code 0
2026/01/28 20:25:12 [notice] 1#1: worker process 31 exited with code 0
2026/01/28 20:25:12 [notice] 1#1: worker process 28 exited with code 0
2026/01/28 20:25:12 [notice] 1#1: signal 29 (SIGIO) received
2026/01/28 20:25:12 [notice] 1#1: signal 17 (SIGCHLD) received from 31
2026/01/28 20:25:12 [notice] 1#1: signal 17 (SIGCHLD) received from 26
2026/01/28 20:25:12 [notice] 1#1: worker process 26 exited with code 0
2026/01/28 20:25:12 [notice] 1#1: exit
2026/01/28 20:25:18 [notice] 1#1: using the "epoll" event method
2026/01/28 20:25:18 [notice] 1#1: nginx/1.27.5
2026/01/28 20:25:18 [notice] 1#1: built by gcc 14.2.0 (Alpine 14.2.0) 
2026/01/28 20:25:18 [notice] 1#1: OS: Linux 6.18.6-arch1-1
2026/01/28 20:25:18 [notice] 1#1: getrlimit(RLIMIT_NOFILE): 1024:524288
2026/01/28 20:25:18 [notice] 1#1: start worker processes
2026/01/28 20:25:18 [notice] 1#1: start worker process 21
2026/01/28 20:25:18 [notice] 1#1: start worker process 22
2026/01/28 20:25:18 [notice] 1#1: start worker process 23
2026/01/28 20:25:18 [notice] 1#1: start worker process 24
2026/01/28 20:25:18 [notice] 1#1: start worker process 25
2026/01/28 20:25:18 [notice] 1#1: start worker process 26
2026/01/28 20:25:18 [notice] 1#1: start worker process 27
2026/01/28 20:25:18 [notice] 1#1: start worker process 28
2026/01/28 20:25:18 [notice] 1#1: start worker process 29
2026/01/28 20:25:18 [notice] 1#1: start worker process 30
2026/01/28 20:25:18 [notice] 1#1: start worker process 31
2026/01/28 20:25:18 [notice] 1#1: start worker process 32
2026/01/28 20:27:48 [notice] 1#1: signal 3 (SIGQUIT) received, shutting down
2026/01/28 20:27:48 [notice] 21#21: gracefully shutting down
2026/01/28 20:27:48 [notice] 22#22: gracefully shutting down
2026/01/28 20:27:48 [notice] 24#24: gracefully shutting down
2026/01/28 20:27:48 [notice] 23#23: gracefully shutting down
2026/01/28 20:27:48 [notice] 25#25: gracefully shutting down
2026/01/28 20:27:48 [notice] 21#21: exiting
2026/01/28 20:27:48 [notice] 26#26: gracefully shutting down
2026/01/28 20:27:48 [notice] 22#22: exiting
2026/01/28 20:27:48 [notice] 24#24: exiting
2026/01/28 20:27:48 [notice] 23#23: exiting
2026/01/28 20:27:48 [notice] 25#25: exiting
2026/01/28 20:27:48 [notice] 26#26: exiting
2026/01/28 20:27:48 [notice] 22#22: exit
2026/01/28 20:27:48 [notice] 24#24: exit
2026/01/28 20:27:48 [notice] 25#25: exit
2026/01/28 20:27:48 [notice] 21#21: exit
2026/01/28 20:27:48 [notice] 26#26: exit
2026/01/28 20:27:48 [notice] 23#23: exit
2026/01/28 20:27:48 [notice] 27#27: gracefully shutting down
2026/01/28 20:27:48 [notice] 31#31: gracefully shutting down
2026/01/28 20:27:48 [notice] 27#27: exiting
2026/01/28 20:27:48 [notice] 28#28: gracefully shutting down
2026/01/28 20:27:48 [notice] 31#31: exiting
2026/01/28 20:27:48 [notice] 28#28: exiting
2026/01/28 20:27:48 [notice] 27#27: exit
2026/01/28 20:27:48 [notice] 31#31: exit
2026/01/28 20:27:48 [notice] 28#28: exit
2026/01/28 20:27:48 [notice] 29#29: gracefully shutting down
2026/01/28 20:27:48 [notice] 29#29: exiting
2026/01/28 20:27:48 [notice] 29#29: exit
2026/01/28 20:27:48 [notice] 32#32: gracefully shutting down
2026/01/28 20:27:48 [notice] 32#32: exiting
2026/01/28 20:27:48 [notice] 32#32: exit
2026/01/28 20:27:48 [notice] 30#30: gracefully shutting down
2026/01/28 20:27:48 [notice] 30#30: exiting
2026/01/28 20:27:48 [notice] 30#30: exit
2026/01/28 20:27:48 [notice] 1#1: signal 17 (SIGCHLD) received from 22
2026/01/28 20:27:48 [notice] 1#1: worker process 22 exited with code 0
2026/01/28 20:27:48 [notice] 1#1: worker process 23 exited with code 0
2026/01/28 20:27:48 [notice] 1#1: worker process 29 exited with code 0
2026/01/28 20:27:48 [notice] 1#1: signal 29 (SIGIO) received
2026/01/28 20:27:48 [notice] 1#1: signal 17 (SIGCHLD) received from 23
2026/01/28 20:27:48 [notice] 1#1: signal 17 (SIGCHLD) received from 21
2026/01/28 20:27:48 [notice] 1#1: worker process 21 exited with code 0
2026/01/28 20:27:48 [notice] 1#1: signal 29 (SIGIO) received
2026/01/28 20:27:48 [notice] 1#1: signal 17 (SIGCHLD) received from 31
2026/01/28 20:27:48 [notice] 1#1: worker process 31 exited with code 0
2026/01/28 20:27:48 [notice] 1#1: signal 29 (SIGIO) received
2026/01/28 20:27:48 [notice] 1#1: signal 17 (SIGCHLD) received from 27
2026/01/28 20:27:48 [notice] 1#1: worker process 27 exited with code 0
2026/01/28 20:27:48 [notice] 1#1: signal 29 (SIGIO) received
2026/01/28 20:27:48 [notice] 1#1: signal 17 (SIGCHLD) received from 28
2026/01/28 20:27:48 [notice] 1#1: worker process 25 exited with code 0
2026/01/28 20:27:48 [notice] 1#1: worker process 26 exited with code 0
2026/01/28 20:27:48 [notice] 1#1: worker process 28 exited with code 0
2026/01/28 20:27:48 [notice] 1#1: signal 29 (SIGIO) received
2026/01/28 20:27:48 [notice] 1#1: signal 17 (SIGCHLD) received from 25
2026/01/28 20:27:48 [notice] 1#1: worker process 24 exited with code 0
2026/01/28 20:27:48 [notice] 1#1: signal 29 (SIGIO) received
2026/01/28 20:27:48 [notice] 1#1: signal 17 (SIGCHLD) received from 32
2026/01/28 20:27:48 [notice] 1#1: worker process 30 exited with code 0
2026/01/28 20:27:48 [notice] 1#1: worker process 32 exited with code 0
2026/01/28 20:27:48 [notice] 1#1: exit
2026/01/28 20:27:53 [notice] 1#1: using the "epoll" event method
2026/01/28 20:27:53 [notice] 1#1: nginx/1.27.5
2026/01/28 20:27:53 [notice] 1#1: built by gcc 14.2.0 (Alpine 14.2.0) 
2026/01/28 20:27:53 [notice] 1#1: OS: Linux 6.18.6-arch1-1
2026/01/28 20:27:53 [notice] 1#1: getrlimit(RLIMIT_NOFILE): 1024:524288
2026/01/28 20:27:53 [notice] 1#1: start worker processes
2026/01/28 20:27:53 [notice] 1#1: start worker process 21
2026/01/28 20:27:53 [notice] 1#1: start worker process 22
2026/01/28 20:27:53 [notice] 1#1: start worker process 23
2026/01/28 20:27:53 [notice] 1#1: start worker process 24
2026/01/28 20:27:53 [notice] 1#1: start worker process 25
2026/01/28 20:27:53 [notice] 1#1: start worker process 26
2026/01/28 20:27:53 [notice] 1#1: start worker process 27
2026/01/28 20:27:53 [notice] 1#1: start worker process 28
2026/01/28 20:27:53 [notice] 1#1: start worker process 29
2026/01/28 20:27:53 [notice] 1#1: start worker process 30
2026/01/28 20:27:53 [notice] 1#1: start worker process 31
2026/01/28 20:27:53 [notice] 1#1: start worker process 32
2026/01/28 20:28:58 [notice] 1#1: signal 3 (SIGQUIT) received, shutting down
2026/01/28 20:28:58 [notice] 25#25: gracefully shutting down
2026/01/28 20:28:58 [notice] 25#25: exiting
2026/01/28 20:28:58 [notice] 25#25: exit
2026/01/28 20:28:58 [notice] 21#21: gracefully shutting down
2026/01/28 20:28:58 [notice] 26#26: gracefully shutting down
2026/01/28 20:28:58 [notice] 26#26: exiting
2026/01/28 20:28:58 [notice] 22#22: gracefully shutting down
2026/01/28 20:28:58 [notice] 28#28: gracefully shutting down
2026/01/28 20:28:58 [notice] 22#22: exiting
2026/01/28 20:28:58 [notice] 28#28: exiting
2026/01/28 20:28:58 [notice] 26#26: exit
2026/01/28 20:28:58 [notice] 28#28: exit
2026/01/28 20:28:58 [notice] 22#22: exit
2026/01/28 20:28:58 [notice] 21#21: exiting
2026/01/28 20:28:58 [notice] 21#21: exit
2026/01/28 20:28:58 [notice] 23#23: gracefully shutting down
2026/01/28 20:28:58 [notice] 23#23: exiting
2026/01/28 20:28:58 [notice] 23#23: exit
2026/01/28 20:28:58 [notice] 32#32: gracefully shutting down
2026/01/28 20:28:58 [notice] 32#32: exiting
2026/01/28 20:28:58 [notice] 24#24: gracefully shutting down
2026/01/28 20:28:58 [notice] 24#24: exiting
2026/01/28 20:28:58 [notice] 27#27: gracefully shutting down
2026/01/28 20:28:58 [notice] 27#27: exiting
2026/01/28 20:28:58 [notice] 32#32: exit
2026/01/28 20:28:58 [notice] 24#24: exit
2026/01/28 20:28:58 [notice] 27#27: exit
2026/01/28 20:28:58 [notice] 30#30: gracefully shutting down
2026/01/28 20:28:58 [notice] 30#30: exiting
2026/01/28 20:28:58 [notice] 29#29: gracefully shutting down
2026/01/28 20:28:58 [notice] 29#29: exiting
2026/01/28 20:28:58 [notice] 30#30: exit
2026/01/28 20:28:58 [notice] 29#29: exit
2026/01/28 20:28:58 [notice] 31#31: gracefully shutting down
2026/01/28 20:28:58 [notice] 31#31: exiting
2026/01/28 20:28:58 [notice] 31#31: exit
2026/01/28 20:28:58 [notice] 1#1: signal 17 (SIGCHLD) received from 23
2026/01/28 20:28:58 [notice] 1#1: worker process 23 exited with code 0
2026/01/28 20:28:58 [notice] 1#1: worker process 25 exited with code 0
2026/01/28 20:28:58 [notice] 1#1: worker process 30 exited with code 0
2026/01/28 20:28:58 [notice] 1#1: signal 29 (SIGIO) received
2026/01/28 20:28:58 [notice] 1#1: signal 17 (SIGCHLD) received from 30
2026/01/28 20:28:58 [notice] 1#1: signal 17 (SIGCHLD) received from 21
2026/01/28 20:28:58 [notice] 1#1: worker process 21 exited with code 0
2026/01/28 20:28:58 [notice] 1#1: worker process 28 exited with code 0
2026/01/28 20:28:58 [notice] 1#1: signal 29 (SIGIO) received
2026/01/28 20:28:58 [notice] 1#1: signal 17 (SIGCHLD) received from 28
2026/01/28 20:28:58 [notice] 1#1: signal 17 (SIGCHLD) received from 26
2026/01/28 20:28:58 [notice] 1#1: worker process 26 exited with code 0
2026/01/28 20:28:58 [notice] 1#1: worker process 27 exited with code 0
2026/01/28 20:28:58 [notice] 1#1: worker process 31 exited with code 0
2026/01/28 20:28:58 [notice] 1#1: signal 29 (SIGIO) received
2026/01/28 20:28:58 [notice] 1#1: signal 17 (SIGCHLD) received from 27
2026/01/28 20:28:58 [notice] 1#1: signal 17 (SIGCHLD) received from 24
2026/01/28 20:28:58 [notice] 1#1: worker process 24 exited with code 0
2026/01/28 20:28:58 [notice] 1#1: worker process 22 exited with code 0
2026/01/28 20:28:58 [notice] 1#1: signal 29 (SIGIO) received
2026/01/28 20:28:58 [notice] 1#1: signal 17 (SIGCHLD) received from 22
2026/01/28 20:28:58 [notice] 1#1: signal 17 (SIGCHLD) received from 29
2026/01/28 20:28:58 [notice] 1#1: worker process 29 exited with code 0
2026/01/28 20:28:58 [notice] 1#1: signal 29 (SIGIO) received
2026/01/28 20:28:58 [notice] 1#1: signal 17 (SIGCHLD) received from 32
2026/01/28 20:28:58 [notice] 1#1: worker process 32 exited with code 0
2026/01/28 20:28:58 [notice] 1#1: exit
2026/01/28 20:29:02 [notice] 1#1: using the "epoll" event method
2026/01/28 20:29:02 [notice] 1#1: nginx/1.27.5
2026/01/28 20:29:02 [notice] 1#1: built by gcc 14.2.0 (Alpine 14.2.0) 
2026/01/28 20:29:02 [notice] 1#1: OS: Linux 6.18.6-arch1-1
2026/01/28 20:29:02 [notice] 1#1: getrlimit(RLIMIT_NOFILE): 1024:524288
2026/01/28 20:29:02 [notice] 1#1: start worker processes
2026/01/28 20:29:02 [notice] 1#1: start worker process 21
2026/01/28 20:29:02 [notice] 1#1: start worker process 22
2026/01/28 20:29:02 [notice] 1#1: start worker process 23
2026/01/28 20:29:02 [notice] 1#1: start worker process 24
2026/01/28 20:29:02 [notice] 1#1: start worker process 25
2026/01/28 20:29:02 [notice] 1#1: start worker process 26
2026/01/28 20:29:02 [notice] 1#1: start worker process 27
2026/01/28 20:29:02 [notice] 1#1: start worker process 28
2026/01/28 20:29:02 [notice] 1#1: start worker process 29
2026/01/28 20:29:02 [notice] 1#1: start worker process 30
2026/01/28 20:29:02 [notice] 1#1: start worker process 31
2026/01/28 20:29:02 [notice] 1#1: start worker process 32
2026/01/28 20:30:58 [notice] 1#1: signal 3 (SIGQUIT) received, shutting down
2026/01/28 20:30:58 [notice] 21#21: gracefully shutting down
2026/01/28 20:30:58 [notice] 23#23: gracefully shutting down
2026/01/28 20:30:58 [notice] 21#21: exiting
2026/01/28 20:30:58 [notice] 25#25: gracefully shutting down
2026/01/28 20:30:58 [notice] 23#23: exiting
2026/01/28 20:30:58 [notice] 24#24: gracefully shutting down
2026/01/28 20:30:58 [notice] 25#25: exiting
2026/01/28 20:30:58 [notice] 22#22: gracefully shutting down
2026/01/28 20:30:58 [notice] 24#24: exiting
2026/01/28 20:30:58 [notice] 22#22: exiting
2026/01/28 20:30:58 [notice] 21#21: exit
2026/01/28 20:30:58 [notice] 25#25: exit
2026/01/28 20:30:58 [notice] 24#24: exit
2026/01/28 20:30:58 [notice] 23#23: exit
2026/01/28 20:30:58 [notice] 22#22: exit
2026/01/28 20:30:58 [notice] 26#26: gracefully shutting down
2026/01/28 20:30:58 [notice] 26#26: exiting
2026/01/28 20:30:58 [notice] 26#26: exit
2026/01/28 20:30:58 [notice] 30#30: gracefully shutting down
2026/01/28 20:30:58 [notice] 28#28: gracefully shutting down
2026/01/28 20:30:58 [notice] 30#30: exiting
2026/01/28 20:30:58 [notice] 28#28: exiting
2026/01/28 20:30:58 [notice] 30#30: exit
2026/01/28 20:30:58 [notice] 28#28: exit
2026/01/28 20:30:58 [notice] 27#27: gracefully shutting down
2026/01/28 20:30:58 [notice] 27#27: exiting
2026/01/28 20:30:58 [notice] 29#29: gracefully shutting down
2026/01/28 20:30:58 [notice] 29#29: exiting
2026/01/28 20:30:58 [notice] 27#27: exit
2026/01/28 20:30:58 [notice] 29#29: exit
2026/01/28 20:30:58 [notice] 32#32: gracefully shutting down
2026/01/28 20:30:58 [notice] 32#32: exiting
2026/01/28 20:30:58 [notice] 32#32: exit
2026/01/28 20:30:58 [notice] 31#31: gracefully shutting down
2026/01/28 20:30:58 [notice] 31#31: exiting
2026/01/28 20:30:58 [notice] 31#31: exit
2026/01/28 20:30:58 [notice] 1#1: signal 17 (SIGCHLD) received from 25
2026/01/28 20:30:58 [notice] 1#1: worker process 25 exited with code 0
2026/01/28 20:30:58 [notice] 1#1: signal 29 (SIGIO) received
2026/01/28 20:30:58 [notice] 1#1: signal 17 (SIGCHLD) received from 24
2026/01/28 20:30:58 [notice] 1#1: worker process 24 exited with code 0
2026/01/28 20:30:58 [notice] 1#1: worker process 26 exited with code 0
2026/01/28 20:30:58 [notice] 1#1: worker process 27 exited with code 0
2026/01/28 20:30:58 [notice] 1#1: signal 29 (SIGIO) received
2026/01/28 20:30:58 [notice] 1#1: signal 17 (SIGCHLD) received from 27
2026/01/28 20:30:58 [notice] 1#1: signal 17 (SIGCHLD) received from 28
2026/01/28 20:30:58 [notice] 1#1: worker process 28 exited with code 0
2026/01/28 20:30:58 [notice] 1#1: signal 29 (SIGIO) received
2026/01/28 20:30:58 [notice] 1#1: signal 17 (SIGCHLD) received from 23
2026/01/28 20:30:58 [notice] 1#1: worker process 23 exited with code 0
2026/01/28 20:30:58 [notice] 1#1: signal 29 (SIGIO) received
2026/01/28 20:30:58 [notice] 1#1: signal 17 (SIGCHLD) received from 21
2026/01/28 20:30:58 [notice] 1#1: worker process 21 exited with code 0
2026/01/28 20:30:58 [notice] 1#1: worker process 22 exited with code 0
2026/01/28 20:30:58 [notice] 1#1: signal 29 (SIGIO) received
2026/01/28 20:30:58 [notice] 1#1: signal 17 (SIGCHLD) received from 31
2026/01/28 20:30:58 [notice] 1#1: worker process 31 exited with code 0
2026/01/28 20:30:58 [notice] 1#1: signal 29 (SIGIO) received
2026/01/28 20:30:58 [notice] 1#1: signal 17 (SIGCHLD) received from 32
2026/01/28 20:30:58 [notice] 1#1: worker process 32 exited with code 0
2026/01/28 20:30:58 [notice] 1#1: signal 29 (SIGIO) received
2026/01/28 20:30:58 [notice] 1#1: signal 17 (SIGCHLD) received from 30
2026/01/28 20:30:58 [notice] 1#1: worker process 30 exited with code 0
2026/01/28 20:30:58 [notice] 1#1: signal 29 (SIGIO) received
2026/01/28 20:30:58 [notice] 1#1: signal 17 (SIGCHLD) received from 29
2026/01/28 20:30:58 [notice] 1#1: worker process 29 exited with code 0
2026/01/28 20:30:58 [notice] 1#1: exit
2026/01/28 20:32:50 [notice] 1#1: using the "epoll" event method
2026/01/28 20:32:50 [notice] 1#1: nginx/1.27.5
2026/01/28 20:32:50 [notice] 1#1: built by gcc 14.2.0 (Alpine 14.2.0) 
2026/01/28 20:32:50 [notice] 1#1: OS: Linux 6.18.6-arch1-1
2026/01/28 20:32:50 [notice] 1#1: getrlimit(RLIMIT_NOFILE): 1024:524288
2026/01/28 20:32:50 [notice] 1#1: start worker processes
2026/01/28 20:32:50 [notice] 1#1: start worker process 20
2026/01/28 20:32:50 [notice] 1#1: start worker process 21
2026/01/28 20:32:50 [notice] 1#1: start worker process 22
2026/01/28 20:32:50 [notice] 1#1: start worker process 23
2026/01/28 20:32:50 [notice] 1#1: start worker process 24
2026/01/28 20:32:50 [notice] 1#1: start worker process 25
2026/01/28 20:32:50 [notice] 1#1: start worker process 26
2026/01/28 20:32:50 [notice] 1#1: start worker process 27
2026/01/28 20:32:50 [notice] 1#1: start worker process 28
2026/01/28 20:32:50 [notice] 1#1: start worker process 29
2026/01/28 20:32:50 [notice] 1#1: start worker process 30
2026/01/28 20:32:50 [notice] 1#1: start worker process 31
2026/01/28 20:38:12 [notice] 1#1: signal 3 (SIGQUIT) received, shutting down
2026/01/28 20:38:12 [notice] 20#20: gracefully shutting down
2026/01/28 20:38:12 [notice] 21#21: gracefully shutting down
2026/01/28 20:38:12 [notice] 22#22: gracefully shutting down
2026/01/28 20:38:12 [notice] 20#20: exiting
2026/01/28 20:38:12 [notice] 23#23: gracefully shutting down
2026/01/28 20:38:12 [notice] 21#21: exiting
2026/01/28 20:38:12 [notice] 22#22: exiting
2026/01/28 20:38:12 [notice] 23#23: exiting
2026/01/28 20:38:12 [notice] 24#24: gracefully shutting down
2026/01/28 20:38:12 [notice] 24#24: exiting
2026/01/28 20:38:12 [notice] 20#20: exit
2026/01/28 20:38:12 [notice] 22#22: exit
2026/01/28 20:38:12 [notice] 21#21: exit
2026/01/28 20:38:12 [notice] 23#23: exit
2026/01/28 20:38:12 [notice] 24#24: exit
2026/01/28 20:38:12 [notice] 25#25: gracefully shutting down
2026/01/28 20:38:12 [notice] 26#26: gracefully shutting down
2026/01/28 20:38:12 [notice] 28#28: gracefully shutting down
2026/01/28 20:38:12 [notice] 25#25: exiting
2026/01/28 20:38:12 [notice] 26#26: exiting
2026/01/28 20:38:12 [notice] 28#28: exiting
2026/01/28 20:38:12 [notice] 25#25: exit
2026/01/28 20:38:12 [notice] 26#26: exit
2026/01/28 20:38:12 [notice] 28#28: exit
2026/01/28 20:38:12 [notice] 29#29: gracefully shutting down
2026/01/28 20:38:12 [notice] 30#30: gracefully shutting down
2026/01/28 20:38:12 [notice] 27#27: gracefully shutting down
2026/01/28 20:38:12 [notice] 31#31: gracefully shutting down
2026/01/28 20:38:12 [notice] 29#29: exiting
2026/01/28 20:38:12 [notice] 30#30: exiting
2026/01/28 20:38:12 [notice] 27#27: exiting
2026/01/28 20:38:12 [notice] 31#31: exiting
2026/01/28 20:38:12 [notice] 29#29: exit
2026/01/28 20:38:12 [notice] 30#30: exit
2026/01/28 20:38:12 [notice] 27#27: exit
2026/01/28 20:38:12 [notice] 31#31: exit
2026/01/28 20:38:12 [notice] 1#1: signal 17 (SIGCHLD) received from 24
2026/01/28 20:38:12 [notice] 1#1: worker process 21 exited with code 0
2026/01/28 20:38:12 [notice] 1#1: worker process 24 exited with code 0
2026/01/28 20:38:12 [notice] 1#1: signal 29 (SIGIO) received
2026/01/28 20:38:12 [notice] 1#1: signal 17 (SIGCHLD) received from 21
2026/01/28 20:38:12 [notice] 1#1: signal 17 (SIGCHLD) received from 30
2026/01/28 20:38:12 [notice] 1#1: worker process 20 exited with code 0
2026/01/28 20:38:12 [notice] 1#1: worker process 30 exited with code 0
2026/01/28 20:38:12 [notice] 1#1: worker process 31 exited with code 0
2026/01/28 20:38:12 [notice] 1#1: signal 29 (SIGIO) received
2026/01/28 20:38:12 [notice] 1#1: signal 17 (SIGCHLD) received from 31
2026/01/28 20:38:12 [notice] 1#1: signal 17 (SIGCHLD) received from 26
2026/01/28 20:38:12 [notice] 1#1: worker process 26 exited with code 0
2026/01/28 20:38:12 [notice] 1#1: worker process 29 exited with code 0
2026/01/28 20:38:12 [notice] 1#1: signal 29 (SIGIO) received
2026/01/28 20:38:12 [notice] 1#1: signal 17 (SIGCHLD) received from 22
2026/01/28 20:38:12 [notice] 1#1: worker process 22 exited with code 0
2026/01/28 20:38:12 [notice] 1#1: signal 29 (SIGIO) received
2026/01/28 20:38:12 [notice] 1#1: signal 17 (SIGCHLD) received from 25
2026/01/28 20:38:12 [notice] 1#1: worker process 25 exited with code 0
2026/01/28 20:38:12 [notice] 1#1: signal 29 (SIGIO) received
2026/01/28 20:38:12 [notice] 1#1: signal 17 (SIGCHLD) received from 27
2026/01/28 20:38:12 [notice] 1#1: worker process 27 exited with code 0
2026/01/28 20:38:12 [notice] 1#1: signal 29 (SIGIO) received
2026/01/28 20:38:12 [notice] 1#1: signal 17 (SIGCHLD) received from 23
2026/01/28 20:38:12 [notice] 1#1: worker process 23 exited with code 0
2026/01/28 20:38:12 [notice] 1#1: signal 17 (SIGCHLD) received from 28
2026/01/28 20:38:12 [notice] 1#1: worker process 28 exited with code 0
2026/01/28 20:38:12 [notice] 1#1: exit
2026/01/28 20:38:36 [notice] 1#1: using the "epoll" event method
2026/01/28 20:38:36 [notice] 1#1: nginx/1.27.5
2026/01/28 20:38:36 [notice] 1#1: built by gcc 14.2.0 (Alpine 14.2.0) 
2026/01/28 20:38:36 [notice] 1#1: OS: Linux 6.18.6-arch1-1
2026/01/28 20:38:36 [notice] 1#1: getrlimit(RLIMIT_NOFILE): 1024:524288
2026/01/28 20:38:36 [notice] 1#1: start worker processes
2026/01/28 20:38:36 [notice] 1#1: start worker process 21
2026/01/28 20:38:36 [notice] 1#1: start worker process 22
2026/01/28 20:38:36 [notice] 1#1: start worker process 23
2026/01/28 20:38:36 [notice] 1#1: start worker process 24
2026/01/28 20:38:36 [notice] 1#1: start worker process 25
2026/01/28 20:38:36 [notice] 1#1: start worker process 26
2026/01/28 20:38:36 [notice] 1#1: start worker process 27
2026/01/28 20:38:36 [notice] 1#1: start worker process 28
2026/01/28 20:38:36 [notice] 1#1: start worker process 29
2026/01/28 20:38:36 [notice] 1#1: start worker process 30
2026/01/28 20:38:36 [notice] 1#1: start worker process 31
2026/01/28 20:38:36 [notice] 1#1: start worker process 32
2026/01/28 20:38:56 [notice] 1#1: signal 3 (SIGQUIT) received, shutting down
2026/01/28 20:38:56 [notice] 21#21: gracefully shutting down
2026/01/28 20:38:56 [notice] 21#21: exiting
2026/01/28 20:38:56 [notice] 22#22: gracefully shutting down
2026/01/28 20:38:56 [notice] 22#22: exiting
2026/01/28 20:38:56 [notice] 22#22: exit
2026/01/28 20:38:56 [notice] 21#21: exit
2026/01/28 20:38:56 [notice] 23#23: gracefully shutting down
2026/01/28 20:38:56 [notice] 25#25: gracefully shutting down
2026/01/28 20:38:56 [notice] 23#23: exiting
2026/01/28 20:38:56 [notice] 29#29: gracefully shutting down
2026/01/28 20:38:56 [notice] 25#25: exiting
2026/01/28 20:38:56 [notice] 27#27: gracefully shutting down
2026/01/28 20:38:56 [notice] 32#32: gracefully shutting down
2026/01/28 20:38:56 [notice] 29#29: exiting
2026/01/28 20:38:56 [notice] 28#28: gracefully shutting down
2026/01/28 20:38:56 [notice] 32#32: exiting
2026/01/28 20:38:56 [notice] 27#27: exiting
2026/01/28 20:38:56 [notice] 28#28: exiting
2026/01/28 20:38:56 [notice] 23#23: exit
2026/01/28 20:38:56 [notice] 25#25: exit
2026/01/28 20:38:56 [notice] 32#32: exit
2026/01/28 20:38:56 [notice] 28#28: exit
2026/01/28 20:38:56 [notice] 27#27: exit
2026/01/28 20:38:56 [notice] 31#31: gracefully shutting down
2026/01/28 20:38:56 [notice] 26#26: gracefully shutting down
2026/01/28 20:38:56 [notice] 31#31: exiting
2026/01/28 20:38:56 [notice] 26#26: exiting
2026/01/28 20:38:56 [notice] 30#30: gracefully shutting down
2026/01/28 20:38:56 [notice] 30#30: exiting
2026/01/28 20:38:56 [notice] 31#31: exit
2026/01/28 20:38:56 [notice] 26#26: exit
2026/01/28 20:38:56 [notice] 30#30: exit
2026/01/28 20:38:56 [notice] 24#24: gracefully shutting down
2026/01/28 20:38:56 [notice] 24#24: exiting
2026/01/28 20:38:56 [notice] 24#24: exit
2026/01/28 20:38:56 [notice] 29#29: exit
2026/01/28 20:38:56 [notice] 1#1: signal 17 (SIGCHLD) received from 24
2026/01/28 20:38:56 [notice] 1#1: worker process 24 exited with code 0
2026/01/28 20:38:56 [notice] 1#1: signal 29 (SIGIO) received
2026/01/28 20:38:56 [notice] 1#1: signal 17 (SIGCHLD) received from 28
2026/01/28 20:38:56 [notice] 1#1: worker process 28 exited with code 0
2026/01/28 20:38:56 [notice] 1#1: signal 29 (SIGIO) received
2026/01/28 20:38:56 [notice] 1#1: signal 17 (SIGCHLD) received from 26
2026/01/28 20:38:56 [notice] 1#1: worker process 26 exited with code 0
2026/01/28 20:38:56 [notice] 1#1: signal 29 (SIGIO) received
2026/01/28 20:38:56 [notice] 1#1: signal 17 (SIGCHLD) received from 22
2026/01/28 20:38:56 [notice] 1#1: worker process 22 exited with code 0
2026/01/28 20:38:56 [notice] 1#1: signal 29 (SIGIO) received
2026/01/28 20:38:56 [notice] 1#1: signal 17 (SIGCHLD) received from 30
2026/01/28 20:38:56 [notice] 1#1: worker process 30 exited with code 0
2026/01/28 20:38:56 [notice] 1#1: signal 29 (SIGIO) received
2026/01/28 20:38:56 [notice] 1#1: signal 17 (SIGCHLD) received from 25
2026/01/28 20:38:56 [notice] 1#1: worker process 25 exited with code 0
2026/01/28 20:38:56 [notice] 1#1: signal 29 (SIGIO) received
2026/01/28 20:38:56 [notice] 1#1: signal 17 (SIGCHLD) received from 31
2026/01/28 20:38:56 [notice] 1#1: worker process 31 exited with code 0
2026/01/28 20:38:56 [notice] 1#1: signal 29 (SIGIO) received
2026/01/28 20:38:56 [notice] 1#1: signal 17 (SIGCHLD) received from 21
2026/01/28 20:38:56 [notice] 1#1: worker process 21 exited with code 0
2026/01/28 20:38:56 [notice] 1#1: signal 29 (SIGIO) received
2026/01/28 20:38:56 [notice] 1#1: signal 17 (SIGCHLD) received from 32
2026/01/28 20:38:56 [notice] 1#1: worker process 23 exited with code 0
2026/01/28 20:38:56 [notice] 1#1: worker process 32 exited with code 0
2026/01/28 20:38:56 [notice] 1#1: signal 29 (SIGIO) received
2026/01/28 20:38:56 [notice] 1#1: signal 17 (SIGCHLD) received from 23
2026/01/28 20:38:56 [notice] 1#1: signal 17 (SIGCHLD) received from 29
2026/01/28 20:38:56 [notice] 1#1: worker process 29 exited with code 0
2026/01/28 20:38:56 [notice] 1#1: signal 29 (SIGIO) received
2026/01/28 20:38:56 [notice] 1#1: signal 17 (SIGCHLD) received from 27
2026/01/28 20:38:56 [notice] 1#1: worker process 27 exited with code 0
2026/01/28 20:38:56 [notice] 1#1: exit
2026/01/28 20:39:01 [notice] 1#1: using the "epoll" event method
2026/01/28 20:39:01 [notice] 1#1: nginx/1.27.5
2026/01/28 20:39:01 [notice] 1#1: built by gcc 14.2.0 (Alpine 14.2.0) 
2026/01/28 20:39:01 [notice] 1#1: OS: Linux 6.18.6-arch1-1
2026/01/28 20:39:01 [notice] 1#1: getrlimit(RLIMIT_NOFILE): 1024:524288
2026/01/28 20:39:01 [notice] 1#1: start worker processes
2026/01/28 20:39:01 [notice] 1#1: start worker process 21
2026/01/28 20:39:01 [notice] 1#1: start worker process 22
2026/01/28 20:39:01 [notice] 1#1: start worker process 23
2026/01/28 20:39:01 [notice] 1#1: start worker process 24
2026/01/28 20:39:01 [notice] 1#1: start worker process 25
2026/01/28 20:39:01 [notice] 1#1: start worker process 26
2026/01/28 20:39:01 [notice] 1#1: start worker process 27
2026/01/28 20:39:01 [notice] 1#1: start worker process 28
2026/01/28 20:39:01 [notice] 1#1: start worker process 29
2026/01/28 20:39:01 [notice] 1#1: start worker process 30
2026/01/28 20:39:01 [notice] 1#1: start worker process 31
2026/01/28 20:39:01 [notice] 1#1: start worker process 32
2026/01/28 20:39:35 [notice] 1#1: signal 3 (SIGQUIT) received, shutting down
2026/01/28 20:39:35 [notice] 22#22: gracefully shutting down
2026/01/28 20:39:35 [notice] 21#21: gracefully shutting down
2026/01/28 20:39:35 [notice] 22#22: exiting
2026/01/28 20:39:35 [notice] 21#21: exiting
2026/01/28 20:39:35 [notice] 23#23: gracefully shutting down
2026/01/28 20:39:35 [notice] 23#23: exiting
2026/01/28 20:39:35 [notice] 22#22: exit
2026/01/28 20:39:35 [notice] 23#23: exit
2026/01/28 20:39:35 [notice] 27#27: gracefully shutting down
2026/01/28 20:39:35 [notice] 32#32: gracefully shutting down
2026/01/28 20:39:35 [notice] 26#26: gracefully shutting down
2026/01/28 20:39:35 [notice] 27#27: exiting
2026/01/28 20:39:35 [notice] 32#32: exiting
2026/01/28 20:39:35 [notice] 26#26: exiting
2026/01/28 20:39:35 [notice] 30#30: gracefully shutting down
2026/01/28 20:39:35 [notice] 30#30: exiting
2026/01/28 20:39:35 [notice] 29#29: gracefully shutting down
2026/01/28 20:39:35 [notice] 29#29: exiting
2026/01/28 20:39:35 [notice] 24#24: gracefully shutting down
2026/01/28 20:39:35 [notice] 24#24: exiting
2026/01/28 20:39:35 [notice] 31#31: gracefully shutting down
2026/01/28 20:39:35 [notice] 31#31: exiting
2026/01/28 20:39:35 [notice] 28#28: gracefully shutting down
2026/01/28 20:39:35 [notice] 28#28: exiting
2026/01/28 20:39:35 [notice] 25#25: gracefully shutting down
2026/01/28 20:39:35 [notice] 25#25: exiting
2026/01/28 20:39:35 [notice] 21#21: exit
2026/01/28 20:39:35 [notice] 27#27: exit
2026/01/28 20:39:35 [notice] 26#26: exit
2026/01/28 20:39:35 [notice] 30#30: exit
2026/01/28 20:39:35 [notice] 32#32: exit
2026/01/28 20:39:35 [notice] 29#29: exit
2026/01/28 20:39:35 [notice] 24#24: exit
2026/01/28 20:39:35 [notice] 31#31: exit
2026/01/28 20:39:35 [notice] 28#28: exit
2026/01/28 20:39:35 [notice] 25#25: exit
2026/01/28 20:39:35 [notice] 1#1: signal 17 (SIGCHLD) received from 27
2026/01/28 20:39:35 [notice] 1#1: worker process 27 exited with code 0
2026/01/28 20:39:35 [notice] 1#1: signal 29 (SIGIO) received
2026/01/28 20:39:35 [notice] 1#1: signal 17 (SIGCHLD) received from 30
2026/01/28 20:39:35 [notice] 1#1: worker process 30 exited with code 0
2026/01/28 20:39:35 [notice] 1#1: worker process 32 exited with code 0
2026/01/28 20:39:35 [notice] 1#1: worker process 21 exited with code 0
2026/01/28 20:39:35 [notice] 1#1: worker process 22 exited with code 0
2026/01/28 20:39:35 [notice] 1#1: worker process 25 exited with code 0
2026/01/28 20:39:35 [notice] 1#1: worker process 26 exited with code 0
2026/01/28 20:39:35 [notice] 1#1: worker process 29 exited with code 0
2026/01/28 20:39:35 [notice] 1#1: signal 29 (SIGIO) received
2026/01/28 20:39:35 [notice] 1#1: signal 17 (SIGCHLD) received from 32
2026/01/28 20:39:35 [notice] 1#1: signal 17 (SIGCHLD) received from 31
2026/01/28 20:39:35 [notice] 1#1: worker process 31 exited with code 0
2026/01/28 20:39:35 [notice] 1#1: worker process 23 exited with code 0
2026/01/28 20:39:35 [notice] 1#1: signal 29 (SIGIO) received
2026/01/28 20:39:35 [notice] 1#1: signal 17 (SIGCHLD) received from 23
2026/01/28 20:39:35 [notice] 1#1: signal 17 (SIGCHLD) received from 24
2026/01/28 20:39:35 [notice] 1#1: worker process 24 exited with code 0
2026/01/28 20:39:35 [notice] 1#1: signal 29 (SIGIO) received
2026/01/28 20:39:35 [notice] 1#1: signal 17 (SIGCHLD) received from 28
2026/01/28 20:39:35 [notice] 1#1: worker process 28 exited with code 0
2026/01/28 20:39:35 [notice] 1#1: exit
2026/01/28 20:39:40 [notice] 1#1: using the "epoll" event method
2026/01/28 20:39:40 [notice] 1#1: nginx/1.27.5
2026/01/28 20:39:40 [notice] 1#1: built by gcc 14.2.0 (Alpine 14.2.0) 
2026/01/28 20:39:40 [notice] 1#1: OS: Linux 6.18.6-arch1-1
2026/01/28 20:39:40 [notice] 1#1: getrlimit(RLIMIT_NOFILE): 1024:524288
2026/01/28 20:39:40 [notice] 1#1: start worker processes
2026/01/28 20:39:40 [notice] 1#1: start worker process 21
2026/01/28 20:39:40 [notice] 1#1: start worker process 22
2026/01/28 20:39:40 [notice] 1#1: start worker process 23
2026/01/28 20:39:40 [notice] 1#1: start worker process 24
2026/01/28 20:39:40 [notice] 1#1: start worker process 25
2026/01/28 20:39:40 [notice] 1#1: start worker process 26
2026/01/28 20:39:40 [notice] 1#1: start worker process 27
2026/01/28 20:39:40 [notice] 1#1: start worker process 28
2026/01/28 20:39:40 [notice] 1#1: start worker process 29
2026/01/28 20:39:40 [notice] 1#1: start worker process 30
2026/01/28 20:39:40 [notice] 1#1: start worker process 31
2026/01/28 20:39:40 [notice] 1#1: start worker process 32
2026/01/28 20:45:17 [notice] 1#1: signal 3 (SIGQUIT) received, shutting down
2026/01/28 20:45:17 [notice] 21#21: gracefully shutting down
2026/01/28 20:45:17 [notice] 21#21: exiting
2026/01/28 20:45:17 [notice] 21#21: exit
2026/01/28 20:45:17 [notice] 22#22: gracefully shutting down
2026/01/28 20:45:17 [notice] 22#22: exiting
2026/01/28 20:45:17 [notice] 22#22: exit
2026/01/28 20:45:17 [notice] 23#23: gracefully shutting down
2026/01/28 20:45:17 [notice] 23#23: exiting
2026/01/28 20:45:17 [notice] 29#29: gracefully shutting down
2026/01/28 20:45:17 [notice] 30#30: gracefully shutting down
2026/01/28 20:45:17 [notice] 28#28: gracefully shutting down
2026/01/28 20:45:17 [notice] 29#29: exiting
2026/01/28 20:45:17 [notice] 30#30: exiting
2026/01/28 20:45:17 [notice] 28#28: exiting
2026/01/28 20:45:17 [notice] 23#23: exit
2026/01/28 20:45:17 [notice] 29#29: exit
2026/01/28 20:45:17 [notice] 30#30: exit
2026/01/28 20:45:17 [notice] 28#28: exit
2026/01/28 20:45:17 [notice] 26#26: gracefully shutting down
2026/01/28 20:45:17 [notice] 26#26: exiting
2026/01/28 20:45:17 [notice] 26#26: exit
2026/01/28 20:45:17 [notice] 32#32: gracefully shutting down
2026/01/28 20:45:17 [notice] 32#32: exiting
2026/01/28 20:45:17 [notice] 31#31: gracefully shutting down
2026/01/28 20:45:17 [notice] 31#31: exiting
2026/01/28 20:45:17 [notice] 27#27: gracefully shutting down
2026/01/28 20:45:17 [notice] 32#32: exit
2026/01/28 20:45:17 [notice] 27#27: exiting
2026/01/28 20:45:17 [notice] 31#31: exit
2026/01/28 20:45:17 [notice] 27#27: exit
2026/01/28 20:45:17 [notice] 24#24: gracefully shutting down
2026/01/28 20:45:17 [notice] 24#24: exiting
2026/01/28 20:45:17 [notice] 25#25: gracefully shutting down
2026/01/28 20:45:17 [notice] 24#24: exit
2026/01/28 20:45:17 [notice] 25#25: exiting
2026/01/28 20:45:17 [notice] 25#25: exit
2026/01/28 20:45:17 [notice] 1#1: signal 17 (SIGCHLD) received from 31
2026/01/28 20:45:17 [notice] 1#1: worker process 22 exited with code 0
2026/01/28 20:45:17 [notice] 1#1: worker process 21 exited with code 0
2026/01/28 20:45:17 [notice] 1#1: worker process 23 exited with code 0
2026/01/28 20:45:17 [notice] 1#1: worker process 24 exited with code 0
2026/01/28 20:45:17 [notice] 1#1: worker process 31 exited with code 0
2026/01/28 20:45:17 [notice] 1#1: signal 29 (SIGIO) received
2026/01/28 20:45:17 [notice] 1#1: signal 17 (SIGCHLD) received from 24
2026/01/28 20:45:17 [notice] 1#1: signal 17 (SIGCHLD) received from 32
2026/01/28 20:45:17 [notice] 1#1: worker process 30 exited with code 0
2026/01/28 20:45:17 [notice] 1#1: worker process 32 exited with code 0
2026/01/28 20:45:17 [notice] 1#1: signal 29 (SIGIO) received
2026/01/28 20:45:17 [notice] 1#1: signal 17 (SIGCHLD) received from 30
2026/01/28 20:45:17 [notice] 1#1: signal 17 (SIGCHLD) received from 25
2026/01/28 20:45:17 [notice] 1#1: worker process 25 exited with code 0
2026/01/28 20:45:17 [notice] 1#1: worker process 27 exited with code 0
2026/01/28 20:45:17 [notice] 1#1: worker process 28 exited with code 0
2026/01/28 20:45:17 [notice] 1#1: signal 29 (SIGIO) received
2026/01/28 20:45:17 [notice] 1#1: signal 17 (SIGCHLD) received from 27
2026/01/28 20:45:17 [notice] 1#1: signal 17 (SIGCHLD) received from 29
2026/01/28 20:45:17 [notice] 1#1: worker process 29 exited with code 0
2026/01/28 20:45:17 [notice] 1#1: signal 29 (SIGIO) received
2026/01/28 20:45:17 [notice] 1#1: signal 17 (SIGCHLD) received from 26
2026/01/28 20:45:17 [notice] 1#1: worker process 26 exited with code 0
2026/01/28 20:45:17 [notice] 1#1: exit
2026/01/28 20:45:26 [notice] 1#1: using the "epoll" event method
2026/01/28 20:45:26 [notice] 1#1: nginx/1.27.5
2026/01/28 20:45:26 [notice] 1#1: built by gcc 14.2.0 (Alpine 14.2.0) 
2026/01/28 20:45:26 [notice] 1#1: OS: Linux 6.18.6-arch1-1
2026/01/28 20:45:26 [notice] 1#1: getrlimit(RLIMIT_NOFILE): 1024:524288
2026/01/28 20:45:26 [notice] 1#1: start worker processes
2026/01/28 20:45:26 [notice] 1#1: start worker process 21
2026/01/28 20:45:26 [notice] 1#1: start worker process 22
2026/01/28 20:45:26 [notice] 1#1: start worker process 23
2026/01/28 20:45:26 [notice] 1#1: start worker process 24
2026/01/28 20:45:26 [notice] 1#1: start worker process 25
2026/01/28 20:45:26 [notice] 1#1: start worker process 26
2026/01/28 20:45:26 [notice] 1#1: start worker process 27
2026/01/28 20:45:26 [notice] 1#1: start worker process 28
2026/01/28 20:45:26 [notice] 1#1: start worker process 29
2026/01/28 20:45:26 [notice] 1#1: start worker process 30
2026/01/28 20:45:26 [notice] 1#1: start worker process 31
2026/01/28 20:45:26 [notice] 1#1: start worker process 32
2026/01/28 20:49:08 [notice] 1#1: signal 3 (SIGQUIT) received, shutting down
2026/01/28 20:49:08 [notice] 21#21: gracefully shutting down
2026/01/28 20:49:08 [notice] 22#22: gracefully shutting down
2026/01/28 20:49:08 [notice] 24#24: gracefully shutting down
2026/01/28 20:49:08 [notice] 23#23: gracefully shutting down
2026/01/28 20:49:08 [notice] 25#25: gracefully shutting down
2026/01/28 20:49:08 [notice] 21#21: exiting
2026/01/28 20:49:08 [notice] 22#22: exiting
2026/01/28 20:49:08 [notice] 28#28: gracefully shutting down
2026/01/28 20:49:08 [notice] 24#24: exiting
2026/01/28 20:49:08 [notice] 23#23: exiting
2026/01/28 20:49:08 [notice] 30#30: gracefully shutting down
2026/01/28 20:49:08 [notice] 25#25: exiting
2026/01/28 20:49:08 [notice] 26#26: gracefully shutting down
2026/01/28 20:49:08 [notice] 28#28: exiting
2026/01/28 20:49:08 [notice] 30#30: exiting
2026/01/28 20:49:08 [notice] 26#26: exiting
2026/01/28 20:49:08 [notice] 24#24: exit
2026/01/28 20:49:08 [notice] 28#28: exit
2026/01/28 20:49:08 [notice] 25#25: exit
2026/01/28 20:49:08 [notice] 22#22: exit
2026/01/28 20:49:08 [notice] 23#23: exit
2026/01/28 20:49:08 [notice] 21#21: exit
2026/01/28 20:49:08 [notice] 30#30: exit
2026/01/28 20:49:08 [notice] 26#26: exit
2026/01/28 20:49:08 [notice] 29#29: gracefully shutting down
2026/01/28 20:49:08 [notice] 29#29: exiting
2026/01/28 20:49:08 [notice] 29#29: exit
2026/01/28 20:49:08 [notice] 31#31: gracefully shutting down
2026/01/28 20:49:08 [notice] 31#31: exiting
2026/01/28 20:49:08 [notice] 32#32: gracefully shutting down
2026/01/28 20:49:08 [notice] 32#32: exiting
2026/01/28 20:49:08 [notice] 31#31: exit
2026/01/28 20:49:08 [notice] 32#32: exit
2026/01/28 20:49:08 [notice] 27#27: gracefully shutting down
2026/01/28 20:49:08 [notice] 27#27: exiting
2026/01/28 20:49:08 [notice] 27#27: exit
2026/01/28 20:49:08 [notice] 1#1: signal 17 (SIGCHLD) received from 32
2026/01/28 20:49:08 [notice] 1#1: worker process 21 exited with code 0
2026/01/28 20:49:08 [notice] 1#1: worker process 22 exited with code 0
2026/01/28 20:49:08 [notice] 1#1: worker process 26 exited with code 0
2026/01/28 20:49:08 [notice] 1#1: worker process 32 exited with code 0
2026/01/28 20:49:08 [notice] 1#1: signal 29 (SIGIO) received
2026/01/28 20:49:08 [notice] 1#1: signal 17 (SIGCHLD) received from 21
2026/01/28 20:49:08 [notice] 1#1: signal 17 (SIGCHLD) received from 27
2026/01/28 20:49:08 [notice] 1#1: worker process 27 exited with code 0
2026/01/28 20:49:08 [notice] 1#1: worker process 29 exited with code 0
2026/01/28 20:49:08 [notice] 1#1: signal 29 (SIGIO) received
2026/01/28 20:49:08 [notice] 1#1: signal 17 (SIGCHLD) received from 29
2026/01/28 20:49:08 [notice] 1#1: signal 17 (SIGCHLD) received from 23
2026/01/28 20:49:08 [notice] 1#1: worker process 23 exited with code 0
2026/01/28 20:49:08 [notice] 1#1: signal 29 (SIGIO) received
2026/01/28 20:49:08 [notice] 1#1: signal 17 (SIGCHLD) received from 30
2026/01/28 20:49:08 [notice] 1#1: worker process 24 exited with code 0
2026/01/28 20:49:08 [notice] 1#1: worker process 25 exited with code 0
2026/01/28 20:49:08 [notice] 1#1: worker process 30 exited with code 0
2026/01/28 20:49:08 [notice] 1#1: worker process 28 exited with code 0
2026/01/28 20:49:08 [notice] 1#1: signal 17 (SIGCHLD) received from 24
2026/01/28 20:49:08 [notice] 1#1: worker process 31 exited with code 0
2026/01/28 20:49:08 [notice] 1#1: exit
2026/01/28 20:49:14 [notice] 1#1: using the "epoll" event method
2026/01/28 20:49:14 [notice] 1#1: nginx/1.27.5
2026/01/28 20:49:14 [notice] 1#1: built by gcc 14.2.0 (Alpine 14.2.0) 
2026/01/28 20:49:14 [notice] 1#1: OS: Linux 6.18.6-arch1-1
2026/01/28 20:49:14 [notice] 1#1: getrlimit(RLIMIT_NOFILE): 1024:524288
2026/01/28 20:49:14 [notice] 1#1: start worker processes
2026/01/28 20:49:14 [notice] 1#1: start worker process 21
2026/01/28 20:49:14 [notice] 1#1: start worker process 22
2026/01/28 20:49:14 [notice] 1#1: start worker process 23
2026/01/28 20:49:14 [notice] 1#1: start worker process 24
2026/01/28 20:49:14 [notice] 1#1: start worker process 25
2026/01/28 20:49:14 [notice] 1#1: start worker process 26
2026/01/28 20:49:14 [notice] 1#1: start worker process 27
2026/01/28 20:49:14 [notice] 1#1: start worker process 28
2026/01/28 20:49:14 [notice] 1#1: start worker process 29
2026/01/28 20:49:14 [notice] 1#1: start worker process 30
2026/01/28 20:49:14 [notice] 1#1: start worker process 31
2026/01/28 20:49:14 [notice] 1#1: start worker process 32
2026/01/28 20:49:27 [notice] 1#1: signal 3 (SIGQUIT) received, shutting down
2026/01/28 20:49:27 [notice] 21#21: gracefully shutting down
2026/01/28 20:49:27 [notice] 23#23: gracefully shutting down
2026/01/28 20:49:27 [notice] 23#23: exiting
2026/01/28 20:49:27 [notice] 21#21: exiting
2026/01/28 20:49:27 [notice] 23#23: exit
2026/01/28 20:49:27 [notice] 21#21: exit
2026/01/28 20:49:27 [notice] 24#24: gracefully shutting down
2026/01/28 20:49:27 [notice] 22#22: gracefully shutting down
2026/01/28 20:49:27 [notice] 26#26: gracefully shutting down
2026/01/28 20:49:27 [notice] 25#25: gracefully shutting down
2026/01/28 20:49:27 [notice] 27#27: gracefully shutting down
2026/01/28 20:49:27 [notice] 28#28: gracefully shutting down
2026/01/28 20:49:27 [notice] 24#24: exiting
2026/01/28 20:49:27 [notice] 22#22: exiting
2026/01/28 20:49:27 [notice] 26#26: exiting
2026/01/28 20:49:27 [notice] 30#30: gracefully shutting down
2026/01/28 20:49:27 [notice] 25#25: exiting
2026/01/28 20:49:27 [notice] 27#27: exiting
2026/01/28 20:49:27 [notice] 28#28: exiting
2026/01/28 20:49:27 [notice] 30#30: exiting
2026/01/28 20:49:27 [notice] 26#26: exit
2026/01/28 20:49:27 [notice] 22#22: exit
2026/01/28 20:49:27 [notice] 28#28: exit
2026/01/28 20:49:27 [notice] 24#24: exit
2026/01/28 20:49:27 [notice] 30#30: exit
2026/01/28 20:49:27 [notice] 27#27: exit
2026/01/28 20:49:27 [notice] 25#25: exit
2026/01/28 20:49:27 [notice] 29#29: gracefully shutting down
2026/01/28 20:49:27 [notice] 31#31: gracefully shutting down
2026/01/28 20:49:27 [notice] 29#29: exiting
2026/01/28 20:49:27 [notice] 31#31: exiting
2026/01/28 20:49:27 [notice] 32#32: gracefully shutting down
2026/01/28 20:49:27 [notice] 32#32: exiting
2026/01/28 20:49:27 [notice] 31#31: exit
2026/01/28 20:49:27 [notice] 29#29: exit
2026/01/28 20:49:27 [notice] 32#32: exit
2026/01/28 20:49:27 [notice] 1#1: signal 17 (SIGCHLD) received from 23
2026/01/28 20:49:27 [notice] 1#1: worker process 22 exited with code 0
2026/01/28 20:49:27 [notice] 1#1: worker process 23 exited with code 0
2026/01/28 20:49:27 [notice] 1#1: signal 29 (SIGIO) received
2026/01/28 20:49:27 [notice] 1#1: signal 17 (SIGCHLD) received from 30
2026/01/28 20:49:27 [notice] 1#1: worker process 30 exited with code 0
2026/01/28 20:49:27 [notice] 1#1: worker process 21 exited with code 0
2026/01/28 20:49:27 [notice] 1#1: worker process 31 exited with code 0
2026/01/28 20:49:27 [notice] 1#1: worker process 32 exited with code 0
2026/01/28 20:49:27 [notice] 1#1: worker process 28 exited with code 0
2026/01/28 20:49:27 [notice] 1#1: signal 29 (SIGIO) received
2026/01/28 20:49:27 [notice] 1#1: signal 17 (SIGCHLD) received from 32
2026/01/28 20:49:27 [notice] 1#1: signal 17 (SIGCHLD) received from 24
2026/01/28 20:49:27 [notice] 1#1: worker process 24 exited with code 0
2026/01/28 20:49:27 [notice] 1#1: signal 29 (SIGIO) received
2026/01/28 20:49:27 [notice] 1#1: signal 17 (SIGCHLD) received from 26
2026/01/28 20:49:27 [notice] 1#1: worker process 26 exited with code 0
2026/01/28 20:49:27 [notice] 1#1: signal 29 (SIGIO) received
2026/01/28 20:49:27 [notice] 1#1: signal 17 (SIGCHLD) received from 27
2026/01/28 20:49:27 [notice] 1#1: worker process 27 exited with code 0
2026/01/28 20:49:27 [notice] 1#1: worker process 25 exited with code 0
2026/01/28 20:49:27 [notice] 1#1: signal 29 (SIGIO) received
2026/01/28 20:49:27 [notice] 1#1: signal 17 (SIGCHLD) received from 25
2026/01/28 20:49:27 [notice] 1#1: signal 17 (SIGCHLD) received from 29
2026/01/28 20:49:27 [notice] 1#1: worker process 29 exited with code 0
2026/01/28 20:49:27 [notice] 1#1: exit
2026/01/28 20:50:09 [notice] 1#1: using the "epoll" event method
2026/01/28 20:50:09 [notice] 1#1: nginx/1.27.5
2026/01/28 20:50:09 [notice] 1#1: built by gcc 14.2.0 (Alpine 14.2.0) 
2026/01/28 20:50:09 [notice] 1#1: OS: Linux 6.18.6-arch1-1
2026/01/28 20:50:09 [notice] 1#1: getrlimit(RLIMIT_NOFILE): 1024:524288
2026/01/28 20:50:09 [notice] 1#1: start worker processes
2026/01/28 20:50:09 [notice] 1#1: start worker process 21
2026/01/28 20:50:09 [notice] 1#1: start worker process 22
2026/01/28 20:50:09 [notice] 1#1: start worker process 23
2026/01/28 20:50:09 [notice] 1#1: start worker process 24
2026/01/28 20:50:09 [notice] 1#1: start worker process 25
2026/01/28 20:50:09 [notice] 1#1: start worker process 26
2026/01/28 20:50:09 [notice] 1#1: start worker process 27
2026/01/28 20:50:09 [notice] 1#1: start worker process 28
2026/01/28 20:50:09 [notice] 1#1: start worker process 29
2026/01/28 20:50:09 [notice] 1#1: start worker process 30
2026/01/28 20:50:09 [notice] 1#1: start worker process 31
2026/01/28 20:50:09 [notice] 1#1: start worker process 32
2026/01/28 20:51:08 [notice] 1#1: signal 3 (SIGQUIT) received, shutting down
2026/01/28 20:51:08 [notice] 22#22: gracefully shutting down
2026/01/28 20:51:08 [notice] 22#22: exiting
2026/01/28 20:51:08 [notice] 22#22: exit
2026/01/28 20:51:08 [notice] 23#23: gracefully shutting down
2026/01/28 20:51:08 [notice] 25#25: gracefully shutting down
2026/01/28 20:51:08 [notice] 26#26: gracefully shutting down
2026/01/28 20:51:08 [notice] 23#23: exiting
2026/01/28 20:51:08 [notice] 25#25: exiting
2026/01/28 20:51:08 [notice] 29#29: gracefully shutting down
2026/01/28 20:51:08 [notice] 30#30: gracefully shutting down
2026/01/28 20:51:08 [notice] 26#26: exiting
2026/01/28 20:51:08 [notice] 21#21: gracefully shutting down
2026/01/28 20:51:08 [notice] 29#29: exiting
2026/01/28 20:51:08 [notice] 30#30: exiting
2026/01/28 20:51:08 [notice] 21#21: exiting
2026/01/28 20:51:08 [notice] 28#28: gracefully shutting down
2026/01/28 20:51:08 [notice] 28#28: exiting
2026/01/28 20:51:08 [notice] 27#27: gracefully shutting down
2026/01/28 20:51:08 [notice] 27#27: exiting
2026/01/28 20:51:08 [notice] 24#24: gracefully shutting down
2026/01/28 20:51:08 [notice] 24#24: exiting
2026/01/28 20:51:08 [notice] 31#31: gracefully shutting down
2026/01/28 20:51:08 [notice] 31#31: exiting
2026/01/28 20:51:08 [notice] 32#32: gracefully shutting down
2026/01/28 20:51:08 [notice] 32#32: exiting
2026/01/28 20:51:08 [notice] 25#25: exit
2026/01/28 20:51:08 [notice] 23#23: exit
2026/01/28 20:51:08 [notice] 21#21: exit
2026/01/28 20:51:08 [notice] 27#27: exit
2026/01/28 20:51:08 [notice] 28#28: exit
2026/01/28 20:51:08 [notice] 24#24: exit
2026/01/28 20:51:08 [notice] 32#32: exit
2026/01/28 20:51:08 [notice] 31#31: exit
2026/01/28 20:51:08 [notice] 26#26: exit
2026/01/28 20:51:08 [notice] 30#30: exit
2026/01/28 20:51:08 [notice] 29#29: exit
2026/01/28 20:51:08 [notice] 1#1: signal 17 (SIGCHLD) received from 28
2026/01/28 20:51:08 [notice] 1#1: worker process 27 exited with code 0
2026/01/28 20:51:08 [notice] 1#1: worker process 28 exited with code 0
2026/01/28 20:51:08 [notice] 1#1: signal 29 (SIGIO) received
2026/01/28 20:51:08 [notice] 1#1: signal 17 (SIGCHLD) received from 27
2026/01/28 20:51:08 [notice] 1#1: signal 17 (SIGCHLD) received from 21
2026/01/28 20:51:08 [notice] 1#1: worker process 21 exited with code 0
2026/01/28 20:51:08 [notice] 1#1: worker process 30 exited with code 0
2026/01/28 20:51:08 [notice] 1#1: worker process 22 exited with code 0
2026/01/28 20:51:08 [notice] 1#1: worker process 24 exited with code 0
2026/01/28 20:51:08 [notice] 1#1: worker process 25 exited with code 0
2026/01/28 20:51:08 [notice] 1#1: worker process 26 exited with code 0
2026/01/28 20:51:08 [notice] 1#1: worker process 31 exited with code 0
2026/01/28 20:51:08 [notice] 1#1: worker process 32 exited with code 0
2026/01/28 20:51:08 [notice] 1#1: signal 29 (SIGIO) received
2026/01/28 20:51:08 [notice] 1#1: signal 17 (SIGCHLD) received from 30
2026/01/28 20:51:08 [notice] 1#1: worker process 29 exited with code 0
2026/01/28 20:51:08 [notice] 1#1: signal 29 (SIGIO) received
2026/01/28 20:51:08 [notice] 1#1: signal 17 (SIGCHLD) received from 23
2026/01/28 20:51:08 [notice] 1#1: worker process 23 exited with code 0
2026/01/28 20:51:08 [notice] 1#1: exit
2026/01/28 20:51:35 [notice] 1#1: using the "epoll" event method
2026/01/28 20:51:35 [notice] 1#1: nginx/1.27.5
2026/01/28 20:51:35 [notice] 1#1: built by gcc 14.2.0 (Alpine 14.2.0) 
2026/01/28 20:51:35 [notice] 1#1: OS: Linux 6.18.6-arch1-1
2026/01/28 20:51:35 [notice] 1#1: getrlimit(RLIMIT_NOFILE): 1024:524288
2026/01/28 20:51:35 [notice] 1#1: start worker processes
2026/01/28 20:51:35 [notice] 1#1: start worker process 21
2026/01/28 20:51:35 [notice] 1#1: start worker process 22
2026/01/28 20:51:35 [notice] 1#1: start worker process 23
2026/01/28 20:51:35 [notice] 1#1: start worker process 24
2026/01/28 20:51:35 [notice] 1#1: start worker process 25
2026/01/28 20:51:35 [notice] 1#1: start worker process 26
2026/01/28 20:51:35 [notice] 1#1: start worker process 27
2026/01/28 20:51:35 [notice] 1#1: start worker process 28
2026/01/28 20:51:35 [notice] 1#1: start worker process 29
2026/01/28 20:51:35 [notice] 1#1: start worker process 30
2026/01/28 20:51:35 [notice] 1#1: start worker process 31
2026/01/28 20:51:35 [notice] 1#1: start worker process 32
2026/01/28 20:53:20 [notice] 1#1: signal 3 (SIGQUIT) received, shutting down
2026/01/28 20:53:20 [notice] 21#21: gracefully shutting down
2026/01/28 20:53:20 [notice] 22#22: gracefully shutting down
2026/01/28 20:53:20 [notice] 23#23: gracefully shutting down
2026/01/28 20:53:20 [notice] 24#24: gracefully shutting down
2026/01/28 20:53:20 [notice] 25#25: gracefully shutting down
2026/01/28 20:53:20 [notice] 26#26: gracefully shutting down
2026/01/28 20:53:20 [notice] 21#21: exiting
2026/01/28 20:53:20 [notice] 22#22: exiting
2026/01/28 20:53:20 [notice] 23#23: exiting
2026/01/28 20:53:20 [notice] 24#24: exiting
2026/01/28 20:53:20 [notice] 25#25: exiting
2026/01/28 20:53:20 [notice] 26#26: exiting
2026/01/28 20:53:20 [notice] 23#23: exit
2026/01/28 20:53:20 [notice] 25#25: exit
2026/01/28 20:53:20 [notice] 24#24: exit
2026/01/28 20:53:20 [notice] 21#21: exit
2026/01/28 20:53:20 [notice] 26#26: exit
2026/01/28 20:53:20 [notice] 22#22: exit
2026/01/28 20:53:20 [notice] 28#28: gracefully shutting down
2026/01/28 20:53:20 [notice] 28#28: exiting
2026/01/28 20:53:20 [notice] 29#29: gracefully shutting down
2026/01/28 20:53:20 [notice] 29#29: exiting
2026/01/28 20:53:20 [notice] 27#27: gracefully shutting down
2026/01/28 20:53:20 [notice] 27#27: exiting
2026/01/28 20:53:20 [notice] 30#30: gracefully shutting down
2026/01/28 20:53:20 [notice] 30#30: exiting
2026/01/28 20:53:20 [notice] 31#31: gracefully shutting down
2026/01/28 20:53:20 [notice] 32#32: gracefully shutting down
2026/01/28 20:53:20 [notice] 32#32: exiting
2026/01/28 20:53:20 [notice] 29#29: exit
2026/01/28 20:53:20 [notice] 31#31: exiting
2026/01/28 20:53:20 [notice] 27#27: exit
2026/01/28 20:53:20 [notice] 30#30: exit
2026/01/28 20:53:20 [notice] 31#31: exit
2026/01/28 20:53:20 [notice] 32#32: exit
2026/01/28 20:53:20 [notice] 28#28: exit
2026/01/28 20:53:20 [notice] 1#1: signal 17 (SIGCHLD) received from 26
2026/01/28 20:53:20 [notice] 1#1: worker process 22 exited with code 0
2026/01/28 20:53:20 [notice] 1#1: worker process 26 exited with code 0
2026/01/28 20:53:20 [notice] 1#1: signal 29 (SIGIO) received
2026/01/28 20:53:20 [notice] 1#1: signal 17 (SIGCHLD) received from 22
2026/01/28 20:53:20 [notice] 1#1: signal 17 (SIGCHLD) received from 21
2026/01/28 20:53:20 [notice] 1#1: worker process 21 exited with code 0
2026/01/28 20:53:20 [notice] 1#1: signal 29 (SIGIO) received
2026/01/28 20:53:20 [notice] 1#1: signal 17 (SIGCHLD) received from 29
2026/01/28 20:53:20 [notice] 1#1: worker process 28 exited with code 0
2026/01/28 20:53:20 [notice] 1#1: worker process 29 exited with code 0
2026/01/28 20:53:20 [notice] 1#1: worker process 31 exited with code 0
2026/01/28 20:53:20 [notice] 1#1: worker process 32 exited with code 0
2026/01/28 20:53:20 [notice] 1#1: signal 29 (SIGIO) received
2026/01/28 20:53:20 [notice] 1#1: signal 17 (SIGCHLD) received from 31
2026/01/28 20:53:20 [notice] 1#1: signal 17 (SIGCHLD) received from 27
2026/01/28 20:53:20 [notice] 1#1: worker process 23 exited with code 0
2026/01/28 20:53:20 [notice] 1#1: worker process 27 exited with code 0
2026/01/28 20:53:20 [notice] 1#1: signal 29 (SIGIO) received
2026/01/28 20:53:20 [notice] 1#1: signal 17 (SIGCHLD) received from 23
2026/01/28 20:53:20 [notice] 1#1: worker process 25 exited with code 0
2026/01/28 20:53:20 [notice] 1#1: signal 29 (SIGIO) received
2026/01/28 20:53:20 [notice] 1#1: signal 17 (SIGCHLD) received from 24
2026/01/28 20:53:20 [notice] 1#1: worker process 24 exited with code 0
2026/01/28 20:53:20 [notice] 1#1: signal 17 (SIGCHLD) received from 30
2026/01/28 20:53:20 [notice] 1#1: worker process 30 exited with code 0
2026/01/28 20:53:20 [notice] 1#1: exit
2026/01/28 20:53:27 [notice] 1#1: using the "epoll" event method
2026/01/28 20:53:27 [notice] 1#1: nginx/1.27.5
2026/01/28 20:53:27 [notice] 1#1: built by gcc 14.2.0 (Alpine 14.2.0) 
2026/01/28 20:53:27 [notice] 1#1: OS: Linux 6.18.6-arch1-1
2026/01/28 20:53:27 [notice] 1#1: getrlimit(RLIMIT_NOFILE): 1024:524288
2026/01/28 20:53:27 [notice] 1#1: start worker processes
2026/01/28 20:53:27 [notice] 1#1: start worker process 21
2026/01/28 20:53:27 [notice] 1#1: start worker process 22
2026/01/28 20:53:27 [notice] 1#1: start worker process 23
2026/01/28 20:53:27 [notice] 1#1: start worker process 24
2026/01/28 20:53:27 [notice] 1#1: start worker process 25
2026/01/28 20:53:27 [notice] 1#1: start worker process 26
2026/01/28 20:53:27 [notice] 1#1: start worker process 27
2026/01/28 20:53:27 [notice] 1#1: start worker process 28
2026/01/28 20:53:27 [notice] 1#1: start worker process 29
2026/01/28 20:53:27 [notice] 1#1: start worker process 30
2026/01/28 20:53:27 [notice] 1#1: start worker process 31
2026/01/28 20:53:27 [notice] 1#1: start worker process 32
2026/01/28 20:59:05 [notice] 1#1: signal 3 (SIGQUIT) received, shutting down
2026/01/28 20:59:05 [notice] 21#21: gracefully shutting down
2026/01/28 20:59:05 [notice] 22#22: gracefully shutting down
2026/01/28 20:59:05 [notice] 24#24: gracefully shutting down
2026/01/28 20:59:05 [notice] 23#23: gracefully shutting down
2026/01/28 20:59:05 [notice] 27#27: gracefully shutting down
2026/01/28 20:59:05 [notice] 25#25: gracefully shutting down
2026/01/28 20:59:05 [notice] 26#26: gracefully shutting down
2026/01/28 20:59:05 [notice] 21#21: exiting
2026/01/28 20:59:05 [notice] 22#22: exiting
2026/01/28 20:59:05 [notice] 23#23: exiting
2026/01/28 20:59:05 [notice] 24#24: exiting
2026/01/28 20:59:05 [notice] 27#27: exiting
2026/01/28 20:59:05 [notice] 25#25: exiting
2026/01/28 20:59:05 [notice] 26#26: exiting
2026/01/28 20:59:05 [notice] 27#27: exit
2026/01/28 20:59:05 [notice] 22#22: exit
2026/01/28 20:59:05 [notice] 25#25: exit
2026/01/28 20:59:05 [notice] 23#23: exit
2026/01/28 20:59:05 [notice] 24#24: exit
2026/01/28 20:59:05 [notice] 26#26: exit
2026/01/28 20:59:05 [notice] 28#28: gracefully shutting down
2026/01/28 20:59:05 [notice] 30#30: gracefully shutting down
2026/01/28 20:59:05 [notice] 31#31: gracefully shutting down
2026/01/28 20:59:05 [notice] 28#28: exiting
2026/01/28 20:59:05 [notice] 32#32: gracefully shutting down
2026/01/28 20:59:05 [notice] 30#30: exiting
2026/01/28 20:59:05 [notice] 31#31: exiting
2026/01/28 20:59:05 [notice] 32#32: exiting
2026/01/28 20:59:05 [notice] 21#21: exit
2026/01/28 20:59:05 [notice] 32#32: exit
2026/01/28 20:59:05 [notice] 31#31: exit
2026/01/28 20:59:05 [notice] 29#29: gracefully shutting down
2026/01/28 20:59:05 [notice] 29#29: exiting
2026/01/28 20:59:05 [notice] 29#29: exit
2026/01/28 20:59:05 [notice] 28#28: exit
2026/01/28 20:59:05 [notice] 30#30: exit
2026/01/28 20:59:05 [notice] 1#1: signal 17 (SIGCHLD) received from 24
2026/01/28 20:59:05 [notice] 1#1: worker process 24 exited with code 0
2026/01/28 20:59:05 [notice] 1#1: worker process 23 exited with code 0
2026/01/28 20:59:05 [notice] 1#1: worker process 25 exited with code 0
2026/01/28 20:59:05 [notice] 1#1: worker process 26 exited with code 0
2026/01/28 20:59:05 [notice] 1#1: signal 29 (SIGIO) received
2026/01/28 20:59:05 [notice] 1#1: signal 17 (SIGCHLD) received from 26
2026/01/28 20:59:05 [notice] 1#1: signal 17 (SIGCHLD) received from 32
2026/01/28 20:59:05 [notice] 1#1: worker process 29 exited with code 0
2026/01/28 20:59:05 [notice] 1#1: worker process 22 exited with code 0
2026/01/28 20:59:05 [notice] 1#1: worker process 28 exited with code 0
2026/01/28 20:59:05 [notice] 1#1: worker process 30 exited with code 0
2026/01/28 20:59:05 [notice] 1#1: worker process 32 exited with code 0
2026/01/28 20:59:05 [notice] 1#1: signal 29 (SIGIO) received
2026/01/28 20:59:05 [notice] 1#1: signal 17 (SIGCHLD) received from 22
2026/01/28 20:59:05 [notice] 1#1: signal 17 (SIGCHLD) received from 27
2026/01/28 20:59:05 [notice] 1#1: worker process 27 exited with code 0
2026/01/28 20:59:05 [notice] 1#1: signal 29 (SIGIO) received
2026/01/28 20:59:05 [notice] 1#1: signal 17 (SIGCHLD) received from 21
2026/01/28 20:59:05 [notice] 1#1: worker process 21 exited with code 0
2026/01/28 20:59:05 [notice] 1#1: signal 29 (SIGIO) received
2026/01/28 20:59:05 [notice] 1#1: signal 17 (SIGCHLD) received from 31
2026/01/28 20:59:05 [notice] 1#1: worker process 31 exited with code 0
2026/01/28 20:59:05 [notice] 1#1: exit
2026/01/28 20:59:13 [notice] 1#1: using the "epoll" event method
2026/01/28 20:59:13 [notice] 1#1: nginx/1.27.5
2026/01/28 20:59:13 [notice] 1#1: built by gcc 14.2.0 (Alpine 14.2.0) 
2026/01/28 20:59:13 [notice] 1#1: OS: Linux 6.18.6-arch1-1
2026/01/28 20:59:13 [notice] 1#1: getrlimit(RLIMIT_NOFILE): 1024:524288
2026/01/28 20:59:13 [notice] 1#1: start worker processes
2026/01/28 20:59:13 [notice] 1#1: start worker process 21
2026/01/28 20:59:13 [notice] 1#1: start worker process 22
2026/01/28 20:59:13 [notice] 1#1: start worker process 23
2026/01/28 20:59:13 [notice] 1#1: start worker process 24
2026/01/28 20:59:13 [notice] 1#1: start worker process 25
2026/01/28 20:59:13 [notice] 1#1: start worker process 26
2026/01/28 20:59:13 [notice] 1#1: start worker process 27
2026/01/28 20:59:13 [notice] 1#1: start worker process 28
2026/01/28 20:59:13 [notice] 1#1: start worker process 29
2026/01/28 20:59:13 [notice] 1#1: start worker process 30
2026/01/28 20:59:13 [notice] 1#1: start worker process 31
2026/01/28 20:59:13 [notice] 1#1: start worker process 32
